  [1m[35m (0.1ms)[0m  [1m[34mSELECT sqlite_version(*)[0m
  [1m[35m (2.0ms)[0m  [1m[35mCREATE TABLE "schema_migrations" ("version" varchar NOT NULL PRIMARY KEY)[0m
  [1m[35m (1.7ms)[0m  [1m[35mCREATE TABLE "ar_internal_metadata" ("key" varchar NOT NULL PRIMARY KEY, "value" varchar, "created_at" datetime NOT NULL, "updated_at" datetime NOT NULL)[0m
  [1m[35m (0.2ms)[0m  [1m[34mSELECT "schema_migrations"."version" FROM "schema_migrations" ORDER BY "schema_migrations"."version" ASC[0m
Migrating to CreateUsers (20170812074322)
  [1m[35m (0.1ms)[0m  [1m[36mbegin transaction[0m
  [1m[35m (0.8ms)[0m  [1m[35mCREATE TABLE "users" ("id" INTEGER PRIMARY KEY AUTOINCREMENT NOT NULL, "name" varchar, "email" varchar, "created_at" datetime NOT NULL, "updated_at" datetime NOT NULL)[0m
  [1m[35mSQL (0.3ms)[0m  [1m[32mINSERT INTO "schema_migrations" ("version") VALUES (?)[0m  [["version", "20170812074322"]]
  [1m[35m (1.2ms)[0m  [1m[36mcommit transaction[0m
Migrating to AddIndexToUsersEmail (20170812094129)
  [1m[35m (0.1ms)[0m  [1m[36mbegin transaction[0m
  [1m[35m (0.5ms)[0m  [1m[35mCREATE UNIQUE INDEX "index_users_on_email" ON "users" ("email")[0m
  [1m[35mSQL (0.2ms)[0m  [1m[32mINSERT INTO "schema_migrations" ("version") VALUES (?)[0m  [["version", "20170812094129"]]
  [1m[35m (1.5ms)[0m  [1m[36mcommit transaction[0m
Migrating to AddPasswordDigestToUsers (20170812095223)
  [1m[35m (0.1ms)[0m  [1m[36mbegin transaction[0m
  [1m[35m (0.6ms)[0m  [1m[35mALTER TABLE "users" ADD "password_digest" varchar[0m
  [1m[35mSQL (0.2ms)[0m  [1m[32mINSERT INTO "schema_migrations" ("version") VALUES (?)[0m  [["version", "20170812095223"]]
  [1m[35m (1.4ms)[0m  [1m[36mcommit transaction[0m
Migrating to AddRememberDigestToUsers (20170813084029)
  [1m[35m (0.1ms)[0m  [1m[36mbegin transaction[0m
  [1m[35m (1.1ms)[0m  [1m[35mALTER TABLE "users" ADD "remember_digest" varchar[0m
  [1m[35mSQL (0.4ms)[0m  [1m[32mINSERT INTO "schema_migrations" ("version") VALUES (?)[0m  [["version", "20170813084029"]]
  [1m[35m (1.4ms)[0m  [1m[36mcommit transaction[0m
Migrating to AddAdminToUsers (20170819033140)
  [1m[35m (0.2ms)[0m  [1m[36mbegin transaction[0m
  [1m[35m (0.8ms)[0m  [1m[35mALTER TABLE "users" ADD "admin" boolean DEFAULT 'f'[0m
  [1m[35mSQL (0.5ms)[0m  [1m[32mINSERT INTO "schema_migrations" ("version") VALUES (?)[0m  [["version", "20170819033140"]]
  [1m[35m (1.5ms)[0m  [1m[36mcommit transaction[0m
Migrating to AddActivationToUsers (20170819052837)
  [1m[35m (0.2ms)[0m  [1m[36mbegin transaction[0m
  [1m[35m (1.5ms)[0m  [1m[35mALTER TABLE "users" ADD "activation_digest" varchar[0m
  [1m[35m (0.4ms)[0m  [1m[35mALTER TABLE "users" ADD "activated" boolean DEFAULT 'f'[0m
  [1m[35m (0.9ms)[0m  [1m[35mALTER TABLE "users" ADD "activated_at" datetime[0m
  [1m[35mSQL (0.5ms)[0m  [1m[32mINSERT INTO "schema_migrations" ("version") VALUES (?)[0m  [["version", "20170819052837"]]
  [1m[35m (2.1ms)[0m  [1m[36mcommit transaction[0m
Migrating to AddResetToUsers (20170819083633)
  [1m[35m (0.1ms)[0m  [1m[36mbegin transaction[0m
  [1m[35m (0.9ms)[0m  [1m[35mALTER TABLE "users" ADD "reset_digest" varchar[0m
  [1m[35m (0.3ms)[0m  [1m[35mALTER TABLE "users" ADD "reset_sent_at" datetime[0m
  [1m[35mSQL (0.4ms)[0m  [1m[32mINSERT INTO "schema_migrations" ("version") VALUES (?)[0m  [["version", "20170819083633"]]
  [1m[35m (1.8ms)[0m  [1m[36mcommit transaction[0m
Migrating to CreateMicroposts (20170820011352)
  [1m[35m (0.6ms)[0m  [1m[36mbegin transaction[0m
  [1m[35m (1.1ms)[0m  [1m[35mCREATE TABLE "microposts" ("id" INTEGER PRIMARY KEY AUTOINCREMENT NOT NULL, "content" text, "user_id" integer, "created_at" datetime NOT NULL, "updated_at" datetime NOT NULL, CONSTRAINT "fk_rails_558c81314b"
FOREIGN KEY ("user_id")
  REFERENCES "users" ("id")
)[0m
  [1m[35m (0.3ms)[0m  [1m[35mCREATE  INDEX "index_microposts_on_user_id" ON "microposts" ("user_id")[0m
  [1m[35m (0.3ms)[0m  [1m[34m            SELECT sql
            FROM sqlite_master
            WHERE name='index_microposts_on_user_id' AND type='index'
            UNION ALL
            SELECT sql
            FROM sqlite_temp_master
            WHERE name='index_microposts_on_user_id' AND type='index'
[0m
  [1m[35m (0.4ms)[0m  [1m[35mCREATE  INDEX "index_microposts_on_user_id_and_created_at" ON "microposts" ("user_id", "created_at")[0m
  [1m[35mSQL (0.4ms)[0m  [1m[32mINSERT INTO "schema_migrations" ("version") VALUES (?)[0m  [["version", "20170820011352"]]
  [1m[35m (1.3ms)[0m  [1m[36mcommit transaction[0m
Migrating to AddPictureToMicroposts (20170820035052)
  [1m[35m (0.2ms)[0m  [1m[36mbegin transaction[0m
  [1m[35m (0.7ms)[0m  [1m[35mALTER TABLE "microposts" ADD "picture" varchar[0m
  [1m[35mSQL (0.3ms)[0m  [1m[32mINSERT INTO "schema_migrations" ("version") VALUES (?)[0m  [["version", "20170820035052"]]
  [1m[35m (1.2ms)[0m  [1m[36mcommit transaction[0m
Migrating to CreateRelationships (20170820055959)
  [1m[35m (0.1ms)[0m  [1m[36mbegin transaction[0m
  [1m[35m (0.7ms)[0m  [1m[35mCREATE TABLE "relationships" ("id" INTEGER PRIMARY KEY AUTOINCREMENT NOT NULL, "follower_id" integer, "followed_id" integer, "created_at" datetime NOT NULL, "updated_at" datetime NOT NULL)[0m
  [1m[35m (1.7ms)[0m  [1m[35mCREATE  INDEX "index_relationships_on_follower_id" ON "relationships" ("follower_id")[0m
  [1m[35m (0.4ms)[0m  [1m[34m            SELECT sql
            FROM sqlite_master
            WHERE name='index_relationships_on_follower_id' AND type='index'
            UNION ALL
            SELECT sql
            FROM sqlite_temp_master
            WHERE name='index_relationships_on_follower_id' AND type='index'
[0m
  [1m[35m (0.3ms)[0m  [1m[35mCREATE  INDEX "index_relationships_on_followed_id" ON "relationships" ("followed_id")[0m
  [1m[35m (0.1ms)[0m  [1m[34m            SELECT sql
            FROM sqlite_master
            WHERE name='index_relationships_on_followed_id' AND type='index'
            UNION ALL
            SELECT sql
            FROM sqlite_temp_master
            WHERE name='index_relationships_on_followed_id' AND type='index'
[0m
  [1m[35m (0.1ms)[0m  [1m[34m            SELECT sql
            FROM sqlite_master
            WHERE name='index_relationships_on_follower_id' AND type='index'
            UNION ALL
            SELECT sql
            FROM sqlite_temp_master
            WHERE name='index_relationships_on_follower_id' AND type='index'
[0m
  [1m[35m (0.7ms)[0m  [1m[35mCREATE UNIQUE INDEX "index_relationships_on_follower_id_and_followed_id" ON "relationships" ("follower_id", "followed_id")[0m
  [1m[35mSQL (0.4ms)[0m  [1m[32mINSERT INTO "schema_migrations" ("version") VALUES (?)[0m  [["version", "20170820055959"]]
  [1m[35m (3.1ms)[0m  [1m[36mcommit transaction[0m
  [1m[36mActiveRecord::InternalMetadata Load (0.4ms)[0m  [1m[34mSELECT  "ar_internal_metadata".* FROM "ar_internal_metadata" WHERE "ar_internal_metadata"."key" = ? LIMIT ?[0m  [["key", "environment"], ["LIMIT", 1]]
  [1m[35m (0.2ms)[0m  [1m[36mbegin transaction[0m
  [1m[35mSQL (0.9ms)[0m  [1m[32mINSERT INTO "ar_internal_metadata" ("key", "value", "created_at", "updated_at") VALUES (?, ?, ?, ?)[0m  [["key", "environment"], ["value", "development"], ["created_at", "2018-02-01 01:47:20.858326"], ["updated_at", "2018-02-01 01:47:20.858326"]]
  [1m[35m (1.4ms)[0m  [1m[36mcommit transaction[0m
  [1m[35m (0.3ms)[0m  [1m[34mSELECT "schema_migrations"."version" FROM "schema_migrations" ORDER BY "schema_migrations"."version" ASC[0m
  [1m[35m (0.2ms)[0m  [1m[34m            SELECT sql
            FROM sqlite_master
            WHERE name='index_microposts_on_user_id_and_created_at' AND type='index'
            UNION ALL
            SELECT sql
            FROM sqlite_temp_master
            WHERE name='index_microposts_on_user_id_and_created_at' AND type='index'
[0m
  [1m[35m (0.2ms)[0m  [1m[34m            SELECT sql
            FROM sqlite_master
            WHERE name='index_microposts_on_user_id' AND type='index'
            UNION ALL
            SELECT sql
            FROM sqlite_temp_master
            WHERE name='index_microposts_on_user_id' AND type='index'
[0m
  [1m[35m (0.2ms)[0m  [1m[34m            SELECT sql
            FROM sqlite_master
            WHERE name='index_relationships_on_follower_id_and_followed_id' AND type='index'
            UNION ALL
            SELECT sql
            FROM sqlite_temp_master
            WHERE name='index_relationships_on_follower_id_and_followed_id' AND type='index'
[0m
  [1m[35m (0.2ms)[0m  [1m[34m            SELECT sql
            FROM sqlite_master
            WHERE name='index_relationships_on_followed_id' AND type='index'
            UNION ALL
            SELECT sql
            FROM sqlite_temp_master
            WHERE name='index_relationships_on_followed_id' AND type='index'
[0m
  [1m[35m (0.2ms)[0m  [1m[34m            SELECT sql
            FROM sqlite_master
            WHERE name='index_relationships_on_follower_id' AND type='index'
            UNION ALL
            SELECT sql
            FROM sqlite_temp_master
            WHERE name='index_relationships_on_follower_id' AND type='index'
[0m
  [1m[35m (0.2ms)[0m  [1m[34m            SELECT sql
            FROM sqlite_master
            WHERE name='index_users_on_email' AND type='index'
            UNION ALL
            SELECT sql
            FROM sqlite_temp_master
            WHERE name='index_users_on_email' AND type='index'
[0m
Started GET "/" for 127.0.0.1 at 2018-02-01 16:00:43 +0900
  [1m[35m (0.9ms)[0m  [1m[34mSELECT "schema_migrations"."version" FROM "schema_migrations" ORDER BY "schema_migrations"."version" ASC[0m
Processing by StaticPagesController#home as HTML
  Rendering static_pages/home.html.erb within layouts/application
  Rendered static_pages/home.html.erb within layouts/application (4429.2ms)
  Rendered layouts/_shim.html.erb (0.7ms)
  Rendered layouts/_header.html.erb (1.7ms)
  Rendered layouts/_footer.html.erb (0.7ms)
Completed 200 OK in 4694ms (Views: 4661.7ms | ActiveRecord: 0.0ms)


Started GET "/login" for 127.0.0.1 at 2018-02-01 16:01:00 +0900
Processing by SessionsController#new as HTML
  Rendering sessions/new.html.erb within layouts/application
  Rendered sessions/new.html.erb within layouts/application (932.8ms)
  Rendered layouts/_shim.html.erb (0.7ms)
  Rendered layouts/_header.html.erb (1.5ms)
  Rendered layouts/_footer.html.erb (0.8ms)
Completed 200 OK in 1048ms (Views: 1042.2ms | ActiveRecord: 0.0ms)


Started GET "/" for 127.0.0.1 at 2018-02-01 18:03:41 +0900
  [1m[35m (0.3ms)[0m  [1m[34mSELECT "schema_migrations"."version" FROM "schema_migrations" ORDER BY "schema_migrations"."version" ASC[0m
Processing by StaticPagesController#home as HTML
  Rendering static_pages/home.html.erb within layouts/application
  Rendered static_pages/home.html.erb within layouts/application (496.1ms)
  Rendered layouts/_shim.html.erb (0.7ms)
  Rendered layouts/_header.html.erb (1.9ms)
  Rendered layouts/_footer.html.erb (1.0ms)
Completed 200 OK in 700ms (Views: 678.7ms | ActiveRecord: 0.0ms)


Started GET "/login" for 127.0.0.1 at 2018-02-01 18:03:45 +0900
Processing by SessionsController#new as HTML
  Rendering sessions/new.html.erb within layouts/application
  Rendered sessions/new.html.erb within layouts/application (780.7ms)
  Rendered layouts/_shim.html.erb (0.7ms)
  Rendered layouts/_header.html.erb (2.3ms)
  Rendered layouts/_footer.html.erb (1.1ms)
Completed 200 OK in 900ms (Views: 894.6ms | ActiveRecord: 0.0ms)


Started POST "/login" for 127.0.0.1 at 2018-02-01 18:03:52 +0900
Processing by SessionsController#create as HTML
  Parameters: {"utf8"=>"✓", "authenticity_token"=>"kRTkl0oSwfZiVpx9OA+O7ZHdAjsWqmnyPx/BB10mMigBzX6UmwBP8RleMdJ0SG/qMwCHAh13xuyGpvhjP6400Q==", "session"=>{"email"=>"example@railstutorial.org", "password"=>"[FILTERED]", "remember_me"=>"0"}, "commit"=>"Log in"}
  [1m[36mUser Load (1.4ms)[0m  [1m[34mSELECT  "users".* FROM "users" WHERE "users"."email" = ? LIMIT ?[0m  [["email", "example@railstutorial.org"], ["LIMIT", 1]]
  Rendering sessions/new.html.erb within layouts/application
  Rendered sessions/new.html.erb within layouts/application (3.0ms)
  Rendered layouts/_shim.html.erb (0.8ms)
  Rendered layouts/_header.html.erb (2.1ms)
  Rendered layouts/_footer.html.erb (1.2ms)
Completed 200 OK in 185ms (Views: 128.4ms | ActiveRecord: 4.5ms)


Started GET "/signup" for 127.0.0.1 at 2018-02-01 18:04:09 +0900
Processing by UsersController#new as HTML
  Rendering users/new.html.erb within layouts/application
  Rendered shared/_error_messages.html.erb (0.8ms)
  Rendered users/new.html.erb within layouts/application (10.5ms)
  Rendered layouts/_shim.html.erb (0.6ms)
  Rendered layouts/_header.html.erb (2.1ms)
  Rendered layouts/_footer.html.erb (0.7ms)
Completed 200 OK in 133ms (Views: 109.7ms | ActiveRecord: 0.8ms)


Started POST "/users" for 127.0.0.1 at 2018-02-01 18:04:43 +0900
Processing by UsersController#create as HTML
  Parameters: {"utf8"=>"✓", "authenticity_token"=>"c2wRIeis342NhkmrpwURDsN94rpPvof3lVUnL+CVlylA3SQDVGECe//ZGiylGUcT2INCMB4bi8a0kTgh92lctQ==", "user"=>{"name"=>"user5", "email"=>"user5@com", "password"=>"[FILTERED]", "password_confirmation"=>"[FILTERED]"}, "commit"=>"Create my account"}
  [1m[35m (0.1ms)[0m  [1m[36mbegin transaction[0m
  [1m[36mUser Exists (0.3ms)[0m  [1m[34mSELECT  1 AS one FROM "users" WHERE LOWER("users"."email") = LOWER(?) LIMIT ?[0m  [["email", "user5@com"], ["LIMIT", 1]]
  [1m[35m (0.1ms)[0m  [1m[31mrollback transaction[0m
  Rendering users/new.html.erb within layouts/application
  Rendered shared/_error_messages.html.erb (1.2ms)
  Rendered users/new.html.erb within layouts/application (9.0ms)
  Rendered layouts/_shim.html.erb (0.6ms)
  Rendered layouts/_header.html.erb (1.8ms)
  Rendered layouts/_footer.html.erb (0.7ms)
Completed 200 OK in 194ms (Views: 95.3ms | ActiveRecord: 0.6ms)


Started POST "/users" for 127.0.0.1 at 2018-02-01 18:05:00 +0900
Processing by UsersController#create as HTML
  Parameters: {"utf8"=>"✓", "authenticity_token"=>"F4wrqwF/qXDhwP9VW+s/0f21wp2mc9Xdqiuae8Q8+8E/2pTiGOWZDTR+kvuoLEh3htH36hyfFgdoKJCtBhoPJw==", "user"=>{"name"=>"user5", "email"=>"user555@com", "password"=>"[FILTERED]", "password_confirmation"=>"[FILTERED]"}, "commit"=>"Create my account"}
  [1m[35m (0.4ms)[0m  [1m[36mbegin transaction[0m
  [1m[36mUser Exists (0.3ms)[0m  [1m[34mSELECT  1 AS one FROM "users" WHERE LOWER("users"."email") = LOWER(?) LIMIT ?[0m  [["email", "user555@com"], ["LIMIT", 1]]
  [1m[35m (0.1ms)[0m  [1m[31mrollback transaction[0m
  Rendering users/new.html.erb within layouts/application
  Rendered shared/_error_messages.html.erb (1.2ms)
  Rendered users/new.html.erb within layouts/application (18.2ms)
  Rendered layouts/_shim.html.erb (0.5ms)
  Rendered layouts/_header.html.erb (1.5ms)
  Rendered layouts/_footer.html.erb (0.7ms)
Completed 200 OK in 207ms (Views: 112.2ms | ActiveRecord: 0.8ms)


Started POST "/users" for 127.0.0.1 at 2018-02-01 18:05:29 +0900
Processing by UsersController#create as HTML
  Parameters: {"utf8"=>"✓", "authenticity_token"=>"oy2DZHPPgpzVsIsCM0tZGAPHRMdkz+vFHxzi7rbhCt+LezwtalWy4QAO5qzAjC6+eKNxsN4jKB/dH+g4dMf+OQ==", "user"=>{"name"=>"user5", "email"=>"user555@gmail.com", "password"=>"[FILTERED]", "password_confirmation"=>"[FILTERED]"}, "commit"=>"Create my account"}
  [1m[35m (0.1ms)[0m  [1m[36mbegin transaction[0m
  [1m[36mUser Exists (3.4ms)[0m  [1m[34mSELECT  1 AS one FROM "users" WHERE LOWER("users"."email") = LOWER(?) LIMIT ?[0m  [["email", "user555@gmail.com"], ["LIMIT", 1]]
  [1m[35mSQL (4.3ms)[0m  [1m[32mINSERT INTO "users" ("name", "email", "created_at", "updated_at", "password_digest", "activation_digest") VALUES (?, ?, ?, ?, ?, ?)[0m  [["name", "user5"], ["email", "user555@gmail.com"], ["created_at", "2018-02-01 09:05:29.850863"], ["updated_at", "2018-02-01 09:05:29.850863"], ["password_digest", "$2a$10$iinInN8OclcmLOpEdMVrlubHxNkKY1ztTghpMYJG0TF96u9O12R4O"], ["activation_digest", "$2a$10$Ox36MUtJ2x33/CGznK.KnO9ZvnPTb3hJn/jypB9vdfJL/CB4j8lJq"]]
  [1m[35m (1.6ms)[0m  [1m[36mcommit transaction[0m
  Rendering user_mailer/account_activation.html.erb within layouts/mailer
  Rendered user_mailer/account_activation.html.erb within layouts/mailer (3.8ms)
  Rendering user_mailer/account_activation.text.erb within layouts/mailer
  Rendered user_mailer/account_activation.text.erb within layouts/mailer (0.8ms)
UserMailer#account_activation: processed outbound mail in 1064.6ms
Sent mail to user555@gmail.com (16.9ms)
Date: Thu, 01 Feb 2018 18:05:31 +0900
From: noreply@example.com
To: user555@gmail.com
Message-ID: <5a72d85b51f6e_4573ffdc7b6e9a03474c@kanoatsushi-no-MacBook-Pro.local.mail>
Subject: Account activation
Mime-Version: 1.0
Content-Type: multipart/alternative;
 boundary="--==_mimepart_5a72d85b4efad_4573ffdc7b6e9a03469a";
 charset=UTF-8
Content-Transfer-Encoding: 7bit


----==_mimepart_5a72d85b4efad_4573ffdc7b6e9a03469a
Content-Type: text/plain;
 charset=UTF-8
Content-Transfer-Encoding: 7bit

Hi user5,

Welcome to the Sample App! Click on the link below to activate your account:

http://localhost:3000/account_activations/WHDF6tBYHDW99NtGv3BgMw/edit?email=user555%40gmail.com

----==_mimepart_5a72d85b4efad_4573ffdc7b6e9a03469a
Content-Type: text/html;
 charset=UTF-8
Content-Transfer-Encoding: 7bit

<!DOCTYPE html>
<html>
  <head>
    <meta http-equiv="Content-Type" content="text/html; charset=utf-8" />
    <style>
      /* Email styles need to be inline */
    </style>
  </head>

  <body>
    <h1>Sample App</h1>

<p>Hi user5,</p>

<p>
Welcome to the Sample App! Click on the link below to activate your account:
</p>

<a href="http://localhost:3000/account_activations/WHDF6tBYHDW99NtGv3BgMw/edit?email=user555%40gmail.com">Activate</a>
  </body>
</html>

----==_mimepart_5a72d85b4efad_4573ffdc7b6e9a03469a--

Redirected to http://localhost:3000/
Completed 302 Found in 1648ms (ActiveRecord: 10.5ms)


Started GET "/" for 127.0.0.1 at 2018-02-01 18:05:31 +0900
Processing by StaticPagesController#home as HTML
  Rendering static_pages/home.html.erb within layouts/application
  Rendered static_pages/home.html.erb within layouts/application (133.2ms)
  Rendered layouts/_shim.html.erb (0.7ms)
  Rendered layouts/_header.html.erb (2.0ms)
  Rendered layouts/_footer.html.erb (1.3ms)
Completed 200 OK in 317ms (Views: 307.3ms | ActiveRecord: 0.0ms)


Started GET "/login" for 127.0.0.1 at 2018-02-01 18:05:49 +0900
Processing by SessionsController#new as HTML
  Rendering sessions/new.html.erb within layouts/application
  Rendered sessions/new.html.erb within layouts/application (20.3ms)
  Rendered layouts/_shim.html.erb (0.5ms)
  Rendered layouts/_header.html.erb (1.2ms)
  Rendered layouts/_footer.html.erb (0.8ms)
Completed 200 OK in 115ms (Views: 111.3ms | ActiveRecord: 0.0ms)


Started POST "/login" for 127.0.0.1 at 2018-02-01 18:06:06 +0900
Processing by SessionsController#create as HTML
  Parameters: {"utf8"=>"✓", "authenticity_token"=>"UdO2AF6HP0SoNUhhc+qbt+6pP1K9K1DJev4Dx3L/UHTBCiwDj5WxQ9M95c4/rXqwTHS6a7b2/9fDRzqjEHdWjQ==", "session"=>{"email"=>"user555@gmail.com", "password"=>"[FILTERED]", "remember_me"=>"0"}, "commit"=>"Log in"}
  [1m[36mUser Load (0.7ms)[0m  [1m[34mSELECT  "users".* FROM "users" WHERE "users"."email" = ? LIMIT ?[0m  [["email", "user555@gmail.com"], ["LIMIT", 1]]
  Rendering sessions/new.html.erb within layouts/application
  Rendered sessions/new.html.erb within layouts/application (2.8ms)
  Rendered layouts/_shim.html.erb (0.7ms)
  Rendered layouts/_header.html.erb (1.8ms)
  Rendered layouts/_footer.html.erb (0.8ms)
Completed 200 OK in 182ms (Views: 88.5ms | ActiveRecord: 0.7ms)


Started GET "/signup" for 127.0.0.1 at 2018-02-01 18:06:21 +0900
Processing by UsersController#new as HTML
  Rendering users/new.html.erb within layouts/application
  Rendered shared/_error_messages.html.erb (0.5ms)
  Rendered users/new.html.erb within layouts/application (7.5ms)
  Rendered layouts/_shim.html.erb (0.7ms)
  Rendered layouts/_header.html.erb (1.7ms)
  Rendered layouts/_footer.html.erb (0.8ms)
Completed 200 OK in 100ms (Views: 96.4ms | ActiveRecord: 0.0ms)


Started POST "/users" for 127.0.0.1 at 2018-02-01 18:06:40 +0900
Processing by UsersController#create as HTML
  Parameters: {"utf8"=>"✓", "authenticity_token"=>"ppNx91IvUAdlnvKwMCOOa9gsUktQWQag448XVpNE3GCVIkTV7uKN8RfBoTcyP9h2w9LywQH8CpHCSwhYhLgX/A==", "user"=>{"name"=>"kano", "email"=>"kano.atsushi.13@gmail.com", "password"=>"[FILTERED]", "password_confirmation"=>"[FILTERED]"}, "commit"=>"Create my account"}
  [1m[35m (0.1ms)[0m  [1m[36mbegin transaction[0m
  [1m[36mUser Exists (0.4ms)[0m  [1m[34mSELECT  1 AS one FROM "users" WHERE LOWER("users"."email") = LOWER(?) LIMIT ?[0m  [["email", "kano.atsushi.13@gmail.com"], ["LIMIT", 1]]
  [1m[35mSQL (0.9ms)[0m  [1m[32mINSERT INTO "users" ("name", "email", "created_at", "updated_at", "password_digest", "activation_digest") VALUES (?, ?, ?, ?, ?, ?)[0m  [["name", "kano"], ["email", "kano.atsushi.13@gmail.com"], ["created_at", "2018-02-01 09:06:40.905051"], ["updated_at", "2018-02-01 09:06:40.905051"], ["password_digest", "$2a$10$8P0pbg9Hlc8LGwKFIxxXCeT/37JVdvo/y3oPMuz0cD47GJ.42jEw2"], ["activation_digest", "$2a$10$rB.WhI6TsukQ5UTnCFOxjerLkIeUJRYAouWZBztgkG/Y3X8BxinX2"]]
  [1m[35m (3.7ms)[0m  [1m[36mcommit transaction[0m
  Rendering user_mailer/account_activation.html.erb within layouts/mailer
  Rendered user_mailer/account_activation.html.erb within layouts/mailer (3.3ms)
  Rendering user_mailer/account_activation.text.erb within layouts/mailer
  Rendered user_mailer/account_activation.text.erb within layouts/mailer (0.6ms)
UserMailer#account_activation: processed outbound mail in 53.0ms
Sent mail to kano.atsushi.13@gmail.com (4.7ms)
Date: Thu, 01 Feb 2018 18:06:41 +0900
From: noreply@example.com
To: kano.atsushi.13@gmail.com
Message-ID: <5a72d8a1be83_4573ffdc7b6e8c4349f3@kanoatsushi-no-MacBook-Pro.local.mail>
Subject: Account activation
Mime-Version: 1.0
Content-Type: multipart/alternative;
 boundary="--==_mimepart_5a72d8a1abf5_4573ffdc7b6e8c4348c7";
 charset=UTF-8
Content-Transfer-Encoding: 7bit


----==_mimepart_5a72d8a1abf5_4573ffdc7b6e8c4348c7
Content-Type: text/plain;
 charset=UTF-8
Content-Transfer-Encoding: 7bit

Hi kano,

Welcome to the Sample App! Click on the link below to activate your account:

http://localhost:3000/account_activations/p_lApDdo6IkjYPVcio2HIQ/edit?email=kano.atsushi.13%40gmail.com

----==_mimepart_5a72d8a1abf5_4573ffdc7b6e8c4348c7
Content-Type: text/html;
 charset=UTF-8
Content-Transfer-Encoding: 7bit

<!DOCTYPE html>
<html>
  <head>
    <meta http-equiv="Content-Type" content="text/html; charset=utf-8" />
    <style>
      /* Email styles need to be inline */
    </style>
  </head>

  <body>
    <h1>Sample App</h1>

<p>Hi kano,</p>

<p>
Welcome to the Sample App! Click on the link below to activate your account:
</p>

<a href="http://localhost:3000/account_activations/p_lApDdo6IkjYPVcio2HIQ/edit?email=kano.atsushi.13%40gmail.com">Activate</a>
  </body>
</html>

----==_mimepart_5a72d8a1abf5_4573ffdc7b6e8c4348c7--

Redirected to http://localhost:3000/
Completed 302 Found in 232ms (ActiveRecord: 5.1ms)


Started GET "/" for 127.0.0.1 at 2018-02-01 18:06:41 +0900
Processing by StaticPagesController#home as HTML
  Rendering static_pages/home.html.erb within layouts/application
  Rendered static_pages/home.html.erb within layouts/application (2.7ms)
  Rendered layouts/_shim.html.erb (0.7ms)
  Rendered layouts/_header.html.erb (1.8ms)
  Rendered layouts/_footer.html.erb (0.9ms)
Completed 200 OK in 90ms (Views: 86.2ms | ActiveRecord: 0.0ms)


Started GET "/help" for 127.0.0.1 at 2018-02-01 18:07:39 +0900
Processing by StaticPagesController#help as HTML
  Rendering static_pages/help.html.erb within layouts/application
  Rendered static_pages/help.html.erb within layouts/application (0.5ms)
  Rendered layouts/_shim.html.erb (0.7ms)
  Rendered layouts/_header.html.erb (2.2ms)
  Rendered layouts/_footer.html.erb (1.1ms)
Completed 200 OK in 92ms (Views: 88.3ms | ActiveRecord: 0.0ms)


Started GET "/" for 127.0.0.1 at 2018-02-01 18:07:41 +0900
Processing by StaticPagesController#home as HTML
  Rendering static_pages/home.html.erb within layouts/application
  Rendered static_pages/home.html.erb within layouts/application (3.2ms)
  Rendered layouts/_shim.html.erb (0.7ms)
  Rendered layouts/_header.html.erb (1.9ms)
  Rendered layouts/_footer.html.erb (0.8ms)
Completed 200 OK in 100ms (Views: 95.8ms | ActiveRecord: 0.0ms)


Started GET "/login" for 127.0.0.1 at 2018-02-01 18:07:43 +0900
Processing by SessionsController#new as HTML
  Rendering sessions/new.html.erb within layouts/application
  Rendered sessions/new.html.erb within layouts/application (3.5ms)
  Rendered layouts/_shim.html.erb (0.8ms)
  Rendered layouts/_header.html.erb (1.9ms)
  Rendered layouts/_footer.html.erb (1.0ms)
Completed 200 OK in 110ms (Views: 106.6ms | ActiveRecord: 0.0ms)


Started POST "/login" for 127.0.0.1 at 2018-02-01 18:08:01 +0900
Processing by SessionsController#create as HTML
  Parameters: {"utf8"=>"✓", "authenticity_token"=>"TbcOed3MGVDpbYKzoCIEDuA22ADANaugJ6F+xk3QIWLdbpR6DN6XV5JlLxzsZeUJQutdOcvoBL6eGEeiL1gnmw==", "session"=>{"email"=>"example@railstutorial.org", "password"=>"[FILTERED]", "remember_me"=>"0"}, "commit"=>"Log in"}
  [1m[36mUser Load (0.4ms)[0m  [1m[34mSELECT  "users".* FROM "users" WHERE "users"."email" = ? LIMIT ?[0m  [["email", "example@railstutorial.org"], ["LIMIT", 1]]
  Rendering sessions/new.html.erb within layouts/application
  Rendered sessions/new.html.erb within layouts/application (3.0ms)
  Rendered layouts/_shim.html.erb (0.5ms)
  Rendered layouts/_header.html.erb (1.4ms)
  Rendered layouts/_footer.html.erb (0.7ms)
Completed 200 OK in 86ms (Views: 83.8ms | ActiveRecord: 0.4ms)


Started POST "/login" for 127.0.0.1 at 2018-02-01 21:47:50 +0900
  [1m[35m (0.8ms)[0m  [1m[34mSELECT "schema_migrations"."version" FROM "schema_migrations" ORDER BY "schema_migrations"."version" ASC[0m
Processing by SessionsController#create as HTML
  Parameters: {"utf8"=>"✓", "authenticity_token"=>"mC0xhtoqjWW7tREd8Wq0rRStVPWbWTudnrqVyeEkZ1Wwe47Pw7C9GG4LfLMCrcMLb8lhgiG1+EdcuZ8fIwKTsw==", "session"=>{"email"=>"example@railstutorial.org", "password"=>"[FILTERED]", "remember_me"=>"0"}, "commit"=>"Log in"}
  [1m[36mUser Load (0.8ms)[0m  [1m[34mSELECT  "users".* FROM "users" WHERE "users"."email" = ? LIMIT ?[0m  [["email", "example@railstutorial.org"], ["LIMIT", 1]]
  Rendering sessions/new.html.erb within layouts/application
  Rendered sessions/new.html.erb within layouts/application (937.0ms)
  Rendered layouts/_shim.html.erb (0.6ms)
  Rendered layouts/_header.html.erb (14.3ms)
  Rendered layouts/_footer.html.erb (2.1ms)
Completed 200 OK in 1682ms (Views: 1630.6ms | ActiveRecord: 1.8ms)


Started GET "/account_activations/p_lApDdo6IkjYPVcio2HIQ/edit?email=kano.atsushi.13%40gmail.com" for 127.0.0.1 at 2018-02-01 22:13:34 +0900
Processing by AccountActivationsController#edit as HTML
  Parameters: {"email"=>"kano.atsushi.13@gmail.com", "id"=>"p_lApDdo6IkjYPVcio2HIQ"}
  [1m[36mUser Load (1.3ms)[0m  [1m[34mSELECT  "users".* FROM "users" WHERE "users"."email" = ? LIMIT ?[0m  [["email", "kano.atsushi.13@gmail.com"], ["LIMIT", 1]]
  [1m[35m (0.2ms)[0m  [1m[36mbegin transaction[0m
  [1m[35mSQL (2.3ms)[0m  [1m[33mUPDATE "users" SET "activated" = ?, "updated_at" = ? WHERE "users"."id" = ?[0m  [["activated", "t"], ["updated_at", "2018-02-01 13:13:34.198308"], ["id", 2]]
  [1m[35m (4.0ms)[0m  [1m[36mcommit transaction[0m
  [1m[35m (0.1ms)[0m  [1m[36mbegin transaction[0m
  [1m[35mSQL (0.8ms)[0m  [1m[33mUPDATE "users" SET "updated_at" = ?, "activated_at" = ? WHERE "users"."id" = ?[0m  [["updated_at", "2018-02-01 13:13:34.221245"], ["activated_at", "2018-02-01 13:13:34.219791"], ["id", 2]]
  [1m[35m (2.0ms)[0m  [1m[36mcommit transaction[0m
Redirected to http://localhost:3000/users/2
Completed 302 Found in 192ms (ActiveRecord: 12.2ms)


Started GET "/users/2" for 127.0.0.1 at 2018-02-01 22:13:34 +0900
Processing by UsersController#show as HTML
  Parameters: {"id"=>"2"}
  [1m[36mUser Load (0.6ms)[0m  [1m[34mSELECT  "users".* FROM "users" WHERE "users"."id" = ? LIMIT ?[0m  [["id", 2], ["LIMIT", 1]]
  Rendering users/show.html.erb within layouts/application
  [1m[35m (0.9ms)[0m  [1m[34mSELECT COUNT(*) FROM "users" INNER JOIN "relationships" ON "users"."id" = "relationships"."followed_id" WHERE "relationships"."follower_id" = ?[0m  [["follower_id", 2]]
  [1m[35m (1.3ms)[0m  [1m[34mSELECT COUNT(*) FROM "users" INNER JOIN "relationships" ON "users"."id" = "relationships"."follower_id" WHERE "relationships"."followed_id" = ?[0m  [["followed_id", 2]]
  Rendered shared/_stats.html.erb (56.8ms)
  [1m[36mUser Load (1.0ms)[0m  [1m[34mSELECT  "users".* FROM "users" WHERE "users"."id" = ? LIMIT ?[0m  [["id", 2], ["LIMIT", 1]]
  Rendered users/_follow_form.html.erb (1.4ms)
  [1m[36mMicropost Exists (2.3ms)[0m  [1m[34mSELECT  1 AS one FROM "microposts" WHERE "microposts"."user_id" = ? LIMIT ?[0m  [["user_id", 2], ["LIMIT", 1]]
  Rendered users/show.html.erb within layouts/application (94.5ms)
  Rendered layouts/_shim.html.erb (2.1ms)
  Rendered layouts/_header.html.erb (3.3ms)
  Rendered layouts/_footer.html.erb (1.5ms)
Completed 200 OK in 540ms (Views: 331.0ms | ActiveRecord: 7.4ms)


Started GET "/users" for 127.0.0.1 at 2018-02-01 22:13:55 +0900
Processing by UsersController#index as HTML
  [1m[36mUser Load (0.4ms)[0m  [1m[34mSELECT  "users".* FROM "users" WHERE "users"."id" = ? LIMIT ?[0m  [["id", 2], ["LIMIT", 1]]
  Rendering users/index.html.erb within layouts/application
  [1m[35m (0.3ms)[0m  [1m[34mSELECT COUNT(*) FROM "users"[0m
  [1m[36mUser Load (0.3ms)[0m  [1m[34mSELECT  "users".* FROM "users" LIMIT ? OFFSET ?[0m  [["LIMIT", 30], ["OFFSET", 0]]
  Rendered collection of users/_user.html.erb [2 times] (1.9ms)
  Rendered users/index.html.erb within layouts/application (10.7ms)
  Rendered layouts/_shim.html.erb (0.7ms)
  Rendered layouts/_header.html.erb (3.3ms)
  Rendered layouts/_footer.html.erb (1.4ms)
Completed 200 OK in 170ms (Views: 162.9ms | ActiveRecord: 1.0ms)


Started DELETE "/logout" for 127.0.0.1 at 2018-02-01 22:14:04 +0900
Processing by SessionsController#destroy as HTML
  Parameters: {"authenticity_token"=>"kXbY/BEucJM/mdG7C8HP5eHVOjHK2xFo82N1t3OxQ1K5IGe1CLRA7uonvBX4BrhDmrEPRnA30rIxYH9hsZe3tA=="}
  [1m[36mUser Load (0.2ms)[0m  [1m[34mSELECT  "users".* FROM "users" WHERE "users"."id" = ? LIMIT ?[0m  [["id", 2], ["LIMIT", 1]]
Redirected to http://localhost:3000/
Completed 302 Found in 4ms (ActiveRecord: 0.2ms)


Started GET "/" for 127.0.0.1 at 2018-02-01 22:14:04 +0900
Processing by StaticPagesController#home as HTML
  Rendering static_pages/home.html.erb within layouts/application
  Rendered static_pages/home.html.erb within layouts/application (5.4ms)
  Rendered layouts/_shim.html.erb (1.2ms)
  Rendered layouts/_header.html.erb (1.7ms)
  Rendered layouts/_footer.html.erb (1.2ms)
Completed 200 OK in 217ms (Views: 211.4ms | ActiveRecord: 0.0ms)


Started GET "/login" for 127.0.0.1 at 2018-02-01 22:14:08 +0900
Processing by SessionsController#new as HTML
  Rendering sessions/new.html.erb within layouts/application
  Rendered sessions/new.html.erb within layouts/application (4.7ms)
  Rendered layouts/_shim.html.erb (0.8ms)
  Rendered layouts/_header.html.erb (2.3ms)
  Rendered layouts/_footer.html.erb (2.1ms)
Completed 200 OK in 110ms (Views: 104.5ms | ActiveRecord: 0.0ms)


Started POST "/login" for 127.0.0.1 at 2018-02-01 22:15:05 +0900
Processing by SessionsController#create as HTML
  Parameters: {"utf8"=>"✓", "authenticity_token"=>"Wt6htQaS0Zuylk0yNHnJhGf9m97CSWxWicLBjzCDEOfKBzu214BfnMme4J14PiiDxSAe58mUw0gwe/jrUgsWHg==", "session"=>{"email"=>"kano.atsushi.13@gmail.com", "password"=>"[FILTERED]", "remember_me"=>"1"}, "commit"=>"Log in"}
  [1m[36mUser Load (0.3ms)[0m  [1m[34mSELECT  "users".* FROM "users" WHERE "users"."email" = ? LIMIT ?[0m  [["email", "kano.atsushi.13@gmail.com"], ["LIMIT", 1]]
  Rendering sessions/new.html.erb within layouts/application
  Rendered sessions/new.html.erb within layouts/application (3.5ms)
  Rendered layouts/_shim.html.erb (0.8ms)
  Rendered layouts/_header.html.erb (2.2ms)
  Rendered layouts/_footer.html.erb (1.3ms)
Completed 200 OK in 197ms (Views: 108.8ms | ActiveRecord: 0.3ms)


Started POST "/login" for 127.0.0.1 at 2018-02-01 22:15:18 +0900
Processing by SessionsController#create as HTML
  Parameters: {"utf8"=>"✓", "authenticity_token"=>"VusH+YrUtzZUTxQngQoZU4xN18ST3PSp3/NBR8yzeiB+vbiwk06HS4HxeYlyzW719ynisykwN3Md8EuRDpWOxg==", "session"=>{"email"=>"kano.atsushi.13@gmail.com", "password"=>"[FILTERED]", "remember_me"=>"1"}, "commit"=>"Log in"}
  [1m[36mUser Load (0.3ms)[0m  [1m[34mSELECT  "users".* FROM "users" WHERE "users"."email" = ? LIMIT ?[0m  [["email", "kano.atsushi.13@gmail.com"], ["LIMIT", 1]]
  [1m[35m (0.1ms)[0m  [1m[36mbegin transaction[0m
  [1m[35mSQL (0.7ms)[0m  [1m[33mUPDATE "users" SET "remember_digest" = ?, "updated_at" = ? WHERE "users"."id" = ?[0m  [["remember_digest", "$2a$10$kG0IvJRIZHu82RY4tJm1ze5XMDaiIak.hmTqE.lgG3dIQsH27WUEK"], ["updated_at", "2018-02-01 13:15:18.257926"], ["id", 2]]
  [1m[35m (4.1ms)[0m  [1m[36mcommit transaction[0m
Redirected to http://localhost:3000/users/2
Completed 302 Found in 184ms (ActiveRecord: 5.1ms)


Started GET "/users/2" for 127.0.0.1 at 2018-02-01 22:15:18 +0900
Processing by UsersController#show as HTML
  Parameters: {"id"=>"2"}
  [1m[36mUser Load (0.4ms)[0m  [1m[34mSELECT  "users".* FROM "users" WHERE "users"."id" = ? LIMIT ?[0m  [["id", 2], ["LIMIT", 1]]
  Rendering users/show.html.erb within layouts/application
  [1m[35m (0.3ms)[0m  [1m[34mSELECT COUNT(*) FROM "users" INNER JOIN "relationships" ON "users"."id" = "relationships"."followed_id" WHERE "relationships"."follower_id" = ?[0m  [["follower_id", 2]]
  [1m[35m (0.4ms)[0m  [1m[34mSELECT COUNT(*) FROM "users" INNER JOIN "relationships" ON "users"."id" = "relationships"."follower_id" WHERE "relationships"."followed_id" = ?[0m  [["followed_id", 2]]
  Rendered shared/_stats.html.erb (9.1ms)
  [1m[36mUser Load (0.3ms)[0m  [1m[34mSELECT  "users".* FROM "users" WHERE "users"."id" = ? LIMIT ?[0m  [["id", 2], ["LIMIT", 1]]
  Rendered users/_follow_form.html.erb (1.0ms)
  [1m[36mMicropost Exists (0.4ms)[0m  [1m[34mSELECT  1 AS one FROM "microposts" WHERE "microposts"."user_id" = ? LIMIT ?[0m  [["user_id", 2], ["LIMIT", 1]]
  Rendered users/show.html.erb within layouts/application (30.7ms)
  Rendered layouts/_shim.html.erb (0.8ms)
  Rendered layouts/_header.html.erb (2.6ms)
  Rendered layouts/_footer.html.erb (1.1ms)
Completed 200 OK in 194ms (Views: 183.7ms | ActiveRecord: 1.8ms)


Started GET "/users/2/following" for 127.0.0.1 at 2018-02-01 22:15:29 +0900
Processing by UsersController#following as HTML
  Parameters: {"id"=>"2"}
  [1m[36mUser Load (0.5ms)[0m  [1m[34mSELECT  "users".* FROM "users" WHERE "users"."id" = ? LIMIT ?[0m  [["id", 2], ["LIMIT", 1]]
  [1m[36mUser Load (0.5ms)[0m  [1m[34mSELECT  "users".* FROM "users" WHERE "users"."id" = ? LIMIT ?[0m  [["id", 2], ["LIMIT", 1]]
  Rendering users/show_follow.html.erb within layouts/application
  [1m[35m (0.4ms)[0m  [1m[34mSELECT COUNT(*) FROM "microposts" WHERE "microposts"."user_id" = ?[0m  [["user_id", 2]]
  [1m[35m (0.4ms)[0m  [1m[34mSELECT COUNT(*) FROM "users" INNER JOIN "relationships" ON "users"."id" = "relationships"."followed_id" WHERE "relationships"."follower_id" = ?[0m  [["follower_id", 2]]
  [1m[35m (0.4ms)[0m  [1m[34mSELECT COUNT(*) FROM "users" INNER JOIN "relationships" ON "users"."id" = "relationships"."follower_id" WHERE "relationships"."followed_id" = ?[0m  [["followed_id", 2]]
  Rendered shared/_stats.html.erb (8.5ms)
  [1m[35mCACHE  (0.0ms)[0m  [1m[34mSELECT COUNT(*) FROM "users" INNER JOIN "relationships" ON "users"."id" = "relationships"."followed_id" WHERE "relationships"."follower_id" = ?[0m  [["follower_id", 2]]
  [1m[35mCACHE  (0.0ms)[0m  [1m[34mSELECT COUNT(*) FROM "users" INNER JOIN "relationships" ON "users"."id" = "relationships"."followed_id" WHERE "relationships"."follower_id" = ?[0m  [["follower_id", 2]]
  Rendered users/show_follow.html.erb within layouts/application (22.4ms)
  Rendered layouts/_shim.html.erb (1.1ms)
  Rendered layouts/_header.html.erb (2.0ms)
  Rendered layouts/_footer.html.erb (1.3ms)
Completed 200 OK in 190ms (Views: 180.8ms | ActiveRecord: 2.2ms)


Started GET "/users/2/followers" for 127.0.0.1 at 2018-02-01 22:15:31 +0900
Processing by UsersController#followers as HTML
  Parameters: {"id"=>"2"}
  [1m[36mUser Load (0.4ms)[0m  [1m[34mSELECT  "users".* FROM "users" WHERE "users"."id" = ? LIMIT ?[0m  [["id", 2], ["LIMIT", 1]]
  [1m[36mUser Load (0.2ms)[0m  [1m[34mSELECT  "users".* FROM "users" WHERE "users"."id" = ? LIMIT ?[0m  [["id", 2], ["LIMIT", 1]]
  Rendering users/show_follow.html.erb within layouts/application
  [1m[35m (0.3ms)[0m  [1m[34mSELECT COUNT(*) FROM "microposts" WHERE "microposts"."user_id" = ?[0m  [["user_id", 2]]
  [1m[35m (0.3ms)[0m  [1m[34mSELECT COUNT(*) FROM "users" INNER JOIN "relationships" ON "users"."id" = "relationships"."followed_id" WHERE "relationships"."follower_id" = ?[0m  [["follower_id", 2]]
  [1m[35m (0.3ms)[0m  [1m[34mSELECT COUNT(*) FROM "users" INNER JOIN "relationships" ON "users"."id" = "relationships"."follower_id" WHERE "relationships"."followed_id" = ?[0m  [["followed_id", 2]]
  Rendered shared/_stats.html.erb (5.5ms)
  [1m[35mCACHE  (0.0ms)[0m  [1m[34mSELECT COUNT(*) FROM "users" INNER JOIN "relationships" ON "users"."id" = "relationships"."follower_id" WHERE "relationships"."followed_id" = ?[0m  [["followed_id", 2]]
  [1m[35mCACHE  (0.0ms)[0m  [1m[34mSELECT COUNT(*) FROM "users" INNER JOIN "relationships" ON "users"."id" = "relationships"."follower_id" WHERE "relationships"."followed_id" = ?[0m  [["followed_id", 2]]
  Rendered users/show_follow.html.erb within layouts/application (15.7ms)
  Rendered layouts/_shim.html.erb (0.7ms)
  Rendered layouts/_header.html.erb (2.4ms)
  Rendered layouts/_footer.html.erb (1.2ms)
Completed 200 OK in 131ms (Views: 125.0ms | ActiveRecord: 1.6ms)


Started GET "/users/2/following" for 127.0.0.1 at 2018-02-01 22:15:32 +0900
Processing by UsersController#following as HTML
  Parameters: {"id"=>"2"}
  [1m[36mUser Load (0.6ms)[0m  [1m[34mSELECT  "users".* FROM "users" WHERE "users"."id" = ? LIMIT ?[0m  [["id", 2], ["LIMIT", 1]]
  [1m[36mUser Load (0.4ms)[0m  [1m[34mSELECT  "users".* FROM "users" WHERE "users"."id" = ? LIMIT ?[0m  [["id", 2], ["LIMIT", 1]]
  Rendering users/show_follow.html.erb within layouts/application
  [1m[35m (0.4ms)[0m  [1m[34mSELECT COUNT(*) FROM "microposts" WHERE "microposts"."user_id" = ?[0m  [["user_id", 2]]
  [1m[35m (0.5ms)[0m  [1m[34mSELECT COUNT(*) FROM "users" INNER JOIN "relationships" ON "users"."id" = "relationships"."followed_id" WHERE "relationships"."follower_id" = ?[0m  [["follower_id", 2]]
  [1m[35m (0.4ms)[0m  [1m[34mSELECT COUNT(*) FROM "users" INNER JOIN "relationships" ON "users"."id" = "relationships"."follower_id" WHERE "relationships"."followed_id" = ?[0m  [["followed_id", 2]]
  Rendered shared/_stats.html.erb (7.2ms)
  [1m[35mCACHE  (0.0ms)[0m  [1m[34mSELECT COUNT(*) FROM "users" INNER JOIN "relationships" ON "users"."id" = "relationships"."followed_id" WHERE "relationships"."follower_id" = ?[0m  [["follower_id", 2]]
  [1m[35mCACHE  (0.0ms)[0m  [1m[34mSELECT COUNT(*) FROM "users" INNER JOIN "relationships" ON "users"."id" = "relationships"."followed_id" WHERE "relationships"."follower_id" = ?[0m  [["follower_id", 2]]
  Rendered users/show_follow.html.erb within layouts/application (24.9ms)
  Rendered layouts/_shim.html.erb (1.1ms)
  Rendered layouts/_header.html.erb (2.7ms)
  Rendered layouts/_footer.html.erb (1.1ms)
Completed 200 OK in 160ms (Views: 152.4ms | ActiveRecord: 2.3ms)


Started GET "/users/2/followers" for 127.0.0.1 at 2018-02-01 22:15:33 +0900
Processing by UsersController#followers as HTML
  Parameters: {"id"=>"2"}
  [1m[36mUser Load (0.5ms)[0m  [1m[34mSELECT  "users".* FROM "users" WHERE "users"."id" = ? LIMIT ?[0m  [["id", 2], ["LIMIT", 1]]
  [1m[36mUser Load (0.6ms)[0m  [1m[34mSELECT  "users".* FROM "users" WHERE "users"."id" = ? LIMIT ?[0m  [["id", 2], ["LIMIT", 1]]
  Rendering users/show_follow.html.erb within layouts/application
  [1m[35m (0.4ms)[0m  [1m[34mSELECT COUNT(*) FROM "microposts" WHERE "microposts"."user_id" = ?[0m  [["user_id", 2]]
  [1m[35m (0.5ms)[0m  [1m[34mSELECT COUNT(*) FROM "users" INNER JOIN "relationships" ON "users"."id" = "relationships"."followed_id" WHERE "relationships"."follower_id" = ?[0m  [["follower_id", 2]]
  [1m[35m (0.5ms)[0m  [1m[34mSELECT COUNT(*) FROM "users" INNER JOIN "relationships" ON "users"."id" = "relationships"."follower_id" WHERE "relationships"."followed_id" = ?[0m  [["followed_id", 2]]
  Rendered shared/_stats.html.erb (8.9ms)
  [1m[35mCACHE  (0.0ms)[0m  [1m[34mSELECT COUNT(*) FROM "users" INNER JOIN "relationships" ON "users"."id" = "relationships"."follower_id" WHERE "relationships"."followed_id" = ?[0m  [["followed_id", 2]]
  [1m[35mCACHE  (0.0ms)[0m  [1m[34mSELECT COUNT(*) FROM "users" INNER JOIN "relationships" ON "users"."id" = "relationships"."follower_id" WHERE "relationships"."followed_id" = ?[0m  [["followed_id", 2]]
  Rendered users/show_follow.html.erb within layouts/application (25.0ms)
  Rendered layouts/_shim.html.erb (0.6ms)
  Rendered layouts/_header.html.erb (2.4ms)
  Rendered layouts/_footer.html.erb (0.9ms)
Completed 200 OK in 198ms (Views: 185.9ms | ActiveRecord: 2.5ms)


Started GET "/users/2" for 127.0.0.1 at 2018-02-01 22:15:35 +0900
Processing by UsersController#show as HTML
  Parameters: {"id"=>"2"}
  [1m[36mUser Load (0.4ms)[0m  [1m[34mSELECT  "users".* FROM "users" WHERE "users"."id" = ? LIMIT ?[0m  [["id", 2], ["LIMIT", 1]]
  Rendering users/show.html.erb within layouts/application
  [1m[35m (0.3ms)[0m  [1m[34mSELECT COUNT(*) FROM "users" INNER JOIN "relationships" ON "users"."id" = "relationships"."followed_id" WHERE "relationships"."follower_id" = ?[0m  [["follower_id", 2]]
  [1m[35m (0.3ms)[0m  [1m[34mSELECT COUNT(*) FROM "users" INNER JOIN "relationships" ON "users"."id" = "relationships"."follower_id" WHERE "relationships"."followed_id" = ?[0m  [["followed_id", 2]]
  Rendered shared/_stats.html.erb (6.2ms)
  [1m[36mUser Load (0.3ms)[0m  [1m[34mSELECT  "users".* FROM "users" WHERE "users"."id" = ? LIMIT ?[0m  [["id", 2], ["LIMIT", 1]]
  Rendered users/_follow_form.html.erb (0.9ms)
  [1m[36mMicropost Exists (0.6ms)[0m  [1m[34mSELECT  1 AS one FROM "microposts" WHERE "microposts"."user_id" = ? LIMIT ?[0m  [["user_id", 2], ["LIMIT", 1]]
  Rendered users/show.html.erb within layouts/application (21.0ms)
  Rendered layouts/_shim.html.erb (0.6ms)
  Rendered layouts/_header.html.erb (1.5ms)
  Rendered layouts/_footer.html.erb (0.8ms)
Completed 200 OK in 163ms (Views: 153.2ms | ActiveRecord: 1.9ms)


Started GET "/users" for 127.0.0.1 at 2018-02-01 22:15:38 +0900
Processing by UsersController#index as HTML
  [1m[36mUser Load (0.6ms)[0m  [1m[34mSELECT  "users".* FROM "users" WHERE "users"."id" = ? LIMIT ?[0m  [["id", 2], ["LIMIT", 1]]
  Rendering users/index.html.erb within layouts/application
  [1m[35m (2.4ms)[0m  [1m[34mSELECT COUNT(*) FROM "users"[0m
  [1m[36mUser Load (1.2ms)[0m  [1m[34mSELECT  "users".* FROM "users" LIMIT ? OFFSET ?[0m  [["LIMIT", 30], ["OFFSET", 0]]
  Rendered collection of users/_user.html.erb [2 times] (4.7ms)
  Rendered users/index.html.erb within layouts/application (20.5ms)
  Rendered layouts/_shim.html.erb (0.6ms)
  Rendered layouts/_header.html.erb (1.4ms)
  Rendered layouts/_footer.html.erb (0.8ms)
Completed 200 OK in 257ms (Views: 239.3ms | ActiveRecord: 4.1ms)


Started GET "/users/1" for 127.0.0.1 at 2018-02-01 22:15:40 +0900
Processing by UsersController#show as HTML
  Parameters: {"id"=>"1"}
  [1m[36mUser Load (0.2ms)[0m  [1m[34mSELECT  "users".* FROM "users" WHERE "users"."id" = ? LIMIT ?[0m  [["id", 1], ["LIMIT", 1]]
  Rendering users/show.html.erb within layouts/application
  [1m[35m (0.3ms)[0m  [1m[34mSELECT COUNT(*) FROM "users" INNER JOIN "relationships" ON "users"."id" = "relationships"."followed_id" WHERE "relationships"."follower_id" = ?[0m  [["follower_id", 1]]
  [1m[35m (0.4ms)[0m  [1m[34mSELECT COUNT(*) FROM "users" INNER JOIN "relationships" ON "users"."id" = "relationships"."follower_id" WHERE "relationships"."followed_id" = ?[0m  [["followed_id", 1]]
  Rendered shared/_stats.html.erb (6.3ms)
  [1m[36mUser Load (0.3ms)[0m  [1m[34mSELECT  "users".* FROM "users" WHERE "users"."id" = ? LIMIT ?[0m  [["id", 2], ["LIMIT", 1]]
  [1m[36mUser Exists (0.3ms)[0m  [1m[34mSELECT  1 AS one FROM "users" INNER JOIN "relationships" ON "users"."id" = "relationships"."followed_id" WHERE "relationships"."follower_id" = ? AND "users"."id" = ? LIMIT ?[0m  [["follower_id", 2], ["id", 1], ["LIMIT", 1]]
  Rendered users/_follow.html.erb (14.4ms)
  Rendered users/_follow_form.html.erb (25.9ms)
  [1m[36mMicropost Exists (0.3ms)[0m  [1m[34mSELECT  1 AS one FROM "microposts" WHERE "microposts"."user_id" = ? LIMIT ?[0m  [["user_id", 1], ["LIMIT", 1]]
  Rendered users/show.html.erb within layouts/application (44.2ms)
  Rendered layouts/_shim.html.erb (0.5ms)
  Rendered layouts/_header.html.erb (2.4ms)
  Rendered layouts/_footer.html.erb (1.0ms)
Completed 200 OK in 169ms (Views: 156.6ms | ActiveRecord: 2.9ms)


Started POST "/relationships" for 127.0.0.1 at 2018-02-01 22:15:47 +0900
Processing by RelationshipsController#create as JS
  Parameters: {"utf8"=>"✓", "followed_id"=>"1", "commit"=>"Follow"}
  [1m[36mUser Load (0.4ms)[0m  [1m[34mSELECT  "users".* FROM "users" WHERE "users"."id" = ? LIMIT ?[0m  [["id", 2], ["LIMIT", 1]]
  [1m[36mUser Load (0.3ms)[0m  [1m[34mSELECT  "users".* FROM "users" WHERE "users"."id" = ? LIMIT ?[0m  [["id", 1], ["LIMIT", 1]]
  [1m[35m (0.1ms)[0m  [1m[36mbegin transaction[0m
  [1m[36mCACHE User Load (0.0ms)[0m  [1m[34mSELECT  "users".* FROM "users" WHERE "users"."id" = ? LIMIT ?[0m  [["id", 2], ["LIMIT", 1]]
  [1m[36mUser Load (0.2ms)[0m  [1m[34mSELECT  "users".* FROM "users" WHERE "users"."id" = ? LIMIT ?[0m  [["id", 1], ["LIMIT", 1]]
  [1m[35mSQL (2.0ms)[0m  [1m[32mINSERT INTO "relationships" ("follower_id", "followed_id", "created_at", "updated_at") VALUES (?, ?, ?, ?)[0m  [["follower_id", 2], ["followed_id", 1], ["created_at", "2018-02-01 13:15:47.387879"], ["updated_at", "2018-02-01 13:15:47.387879"]]
  [1m[35m (1.6ms)[0m  [1m[36mcommit transaction[0m
  Rendering relationships/create.js.erb
  [1m[36mRelationship Load (0.4ms)[0m  [1m[34mSELECT  "relationships".* FROM "relationships" WHERE "relationships"."follower_id" = ? AND "relationships"."followed_id" = ? LIMIT ?[0m  [["follower_id", 2], ["followed_id", 1], ["LIMIT", 1]]
  Rendered users/_unfollow.html.erb (3.9ms)
  [1m[35m (0.4ms)[0m  [1m[34mSELECT COUNT(*) FROM "users" INNER JOIN "relationships" ON "users"."id" = "relationships"."follower_id" WHERE "relationships"."followed_id" = ?[0m  [["followed_id", 1]]
  Rendered relationships/create.js.erb (13.6ms)
Completed 200 OK in 59ms (Views: 27.8ms | ActiveRecord: 5.4ms)


Started GET "/users" for 127.0.0.1 at 2018-02-01 22:15:50 +0900
Processing by UsersController#index as HTML
  [1m[36mUser Load (0.5ms)[0m  [1m[34mSELECT  "users".* FROM "users" WHERE "users"."id" = ? LIMIT ?[0m  [["id", 2], ["LIMIT", 1]]
  Rendering users/index.html.erb within layouts/application
  [1m[35m (0.4ms)[0m  [1m[34mSELECT COUNT(*) FROM "users"[0m
  [1m[36mUser Load (0.4ms)[0m  [1m[34mSELECT  "users".* FROM "users" LIMIT ? OFFSET ?[0m  [["LIMIT", 30], ["OFFSET", 0]]
  Rendered collection of users/_user.html.erb [2 times] (2.2ms)
  Rendered users/index.html.erb within layouts/application (11.0ms)
  Rendered layouts/_shim.html.erb (1.8ms)
  Rendered layouts/_header.html.erb (2.8ms)
  Rendered layouts/_footer.html.erb (0.8ms)
Completed 200 OK in 165ms (Views: 155.0ms | ActiveRecord: 1.3ms)


Started GET "/users/2" for 127.0.0.1 at 2018-02-01 22:15:53 +0900
Processing by UsersController#show as HTML
  Parameters: {"id"=>"2"}
  [1m[36mUser Load (0.9ms)[0m  [1m[34mSELECT  "users".* FROM "users" WHERE "users"."id" = ? LIMIT ?[0m  [["id", 2], ["LIMIT", 1]]
  Rendering users/show.html.erb within layouts/application
  [1m[35m (0.5ms)[0m  [1m[34mSELECT COUNT(*) FROM "users" INNER JOIN "relationships" ON "users"."id" = "relationships"."followed_id" WHERE "relationships"."follower_id" = ?[0m  [["follower_id", 2]]
  [1m[35m (0.3ms)[0m  [1m[34mSELECT COUNT(*) FROM "users" INNER JOIN "relationships" ON "users"."id" = "relationships"."follower_id" WHERE "relationships"."followed_id" = ?[0m  [["followed_id", 2]]
  Rendered shared/_stats.html.erb (7.5ms)
  [1m[36mUser Load (0.3ms)[0m  [1m[34mSELECT  "users".* FROM "users" WHERE "users"."id" = ? LIMIT ?[0m  [["id", 2], ["LIMIT", 1]]
  Rendered users/_follow_form.html.erb (0.9ms)
  [1m[36mMicropost Exists (0.3ms)[0m  [1m[34mSELECT  1 AS one FROM "microposts" WHERE "microposts"."user_id" = ? LIMIT ?[0m  [["user_id", 2], ["LIMIT", 1]]
  Rendered users/show.html.erb within layouts/application (20.4ms)
  Rendered layouts/_shim.html.erb (0.6ms)
  Rendered layouts/_header.html.erb (1.8ms)
  Rendered layouts/_footer.html.erb (0.7ms)
Completed 200 OK in 198ms (Views: 168.8ms | ActiveRecord: 2.3ms)


Started GET "/users/2/edit" for 127.0.0.1 at 2018-02-01 22:16:10 +0900
Processing by UsersController#edit as HTML
  Parameters: {"id"=>"2"}
  [1m[36mUser Load (0.4ms)[0m  [1m[34mSELECT  "users".* FROM "users" WHERE "users"."id" = ? LIMIT ?[0m  [["id", 2], ["LIMIT", 1]]
  [1m[36mUser Load (0.2ms)[0m  [1m[34mSELECT  "users".* FROM "users" WHERE "users"."id" = ? LIMIT ?[0m  [["id", 2], ["LIMIT", 1]]
  [1m[36mCACHE User Load (0.0ms)[0m  [1m[34mSELECT  "users".* FROM "users" WHERE "users"."id" = ? LIMIT ?[0m  [["id", 2], ["LIMIT", 1]]
  Rendering users/edit.html.erb within layouts/application
  Rendered shared/_error_messages.html.erb (0.9ms)
  Rendered users/edit.html.erb within layouts/application (9.8ms)
  Rendered layouts/_shim.html.erb (0.6ms)
  Rendered layouts/_header.html.erb (2.6ms)
  Rendered layouts/_footer.html.erb (1.3ms)
Completed 200 OK in 111ms (Views: 101.2ms | ActiveRecord: 0.6ms)


Started PATCH "/users/2" for 127.0.0.1 at 2018-02-01 22:16:24 +0900
Processing by UsersController#update as HTML
  Parameters: {"utf8"=>"✓", "authenticity_token"=>"Dv7wnVp/MpsTwfFVdrENWp4e6dBGYt/s5xNTLC7ib5k+1V4H5m0w0XbV6VlZco6d8RBsCS7AJYUDxrF6De8Y3g==", "user"=>{"name"=>"kano", "email"=>"kano.atsushi.13@gmail.com", "password"=>"[FILTERED]", "password_confirmation"=>"[FILTERED]"}, "commit"=>"Save changes", "id"=>"2"}
  [1m[36mUser Load (0.4ms)[0m  [1m[34mSELECT  "users".* FROM "users" WHERE "users"."id" = ? LIMIT ?[0m  [["id", 2], ["LIMIT", 1]]
  [1m[36mUser Load (0.3ms)[0m  [1m[34mSELECT  "users".* FROM "users" WHERE "users"."id" = ? LIMIT ?[0m  [["id", 2], ["LIMIT", 1]]
  [1m[36mCACHE User Load (0.0ms)[0m  [1m[34mSELECT  "users".* FROM "users" WHERE "users"."id" = ? LIMIT ?[0m  [["id", 2], ["LIMIT", 1]]
  [1m[35m (0.1ms)[0m  [1m[36mbegin transaction[0m
  [1m[36mUser Exists (0.3ms)[0m  [1m[34mSELECT  1 AS one FROM "users" WHERE LOWER("users"."email") = LOWER(?) AND ("users"."id" != ?) LIMIT ?[0m  [["email", "kano.atsushi.13@gmail.com"], ["id", 2], ["LIMIT", 1]]
  [1m[35m (0.2ms)[0m  [1m[31mrollback transaction[0m
  Rendering users/edit.html.erb within layouts/application
  Rendered shared/_error_messages.html.erb (1.2ms)
  Rendered users/edit.html.erb within layouts/application (9.4ms)
  Rendered layouts/_shim.html.erb (0.5ms)
  Rendered layouts/_header.html.erb (1.6ms)
  Rendered layouts/_footer.html.erb (0.8ms)
Completed 200 OK in 212ms (Views: 117.9ms | ActiveRecord: 1.2ms)


Started PATCH "/users/2" for 127.0.0.1 at 2018-02-01 22:16:33 +0900
Processing by UsersController#update as HTML
  Parameters: {"utf8"=>"✓", "authenticity_token"=>"DMgLVu53IdC016XjeT65gFqZNpiF6VoJg7X6QnGjRR0knrQf9+0RrWFpyE2K+c4mIf0D7z8FmdNBtvCUs4Wx+w==", "user"=>{"name"=>"kano", "email"=>"kano.atsushi.13@gmail.com", "password"=>"[FILTERED]", "password_confirmation"=>"[FILTERED]"}, "commit"=>"Save changes", "id"=>"2"}
  [1m[36mUser Load (0.6ms)[0m  [1m[34mSELECT  "users".* FROM "users" WHERE "users"."id" = ? LIMIT ?[0m  [["id", 2], ["LIMIT", 1]]
  [1m[36mUser Load (0.5ms)[0m  [1m[34mSELECT  "users".* FROM "users" WHERE "users"."id" = ? LIMIT ?[0m  [["id", 2], ["LIMIT", 1]]
  [1m[36mCACHE User Load (0.1ms)[0m  [1m[34mSELECT  "users".* FROM "users" WHERE "users"."id" = ? LIMIT ?[0m  [["id", 2], ["LIMIT", 1]]
  [1m[35m (0.1ms)[0m  [1m[36mbegin transaction[0m
  [1m[36mUser Exists (0.5ms)[0m  [1m[34mSELECT  1 AS one FROM "users" WHERE LOWER("users"."email") = LOWER(?) AND ("users"."id" != ?) LIMIT ?[0m  [["email", "kano.atsushi.13@gmail.com"], ["id", 2], ["LIMIT", 1]]
  [1m[35mSQL (0.8ms)[0m  [1m[33mUPDATE "users" SET "password_digest" = ?, "updated_at" = ? WHERE "users"."id" = ?[0m  [["password_digest", "$2a$10$K/mx2UeBRVtziy/ERqSrd.QIpupsoQSc9Jv5NGJ87KkvZ9.If1qUS"], ["updated_at", "2018-02-01 13:16:33.957575"], ["id", 2]]
  [1m[35m (3.9ms)[0m  [1m[36mcommit transaction[0m
Redirected to http://localhost:3000/users/2
Completed 302 Found in 109ms (ActiveRecord: 6.4ms)


Started GET "/users/2" for 127.0.0.1 at 2018-02-01 22:16:33 +0900
Processing by UsersController#show as HTML
  Parameters: {"id"=>"2"}
  [1m[36mUser Load (0.3ms)[0m  [1m[34mSELECT  "users".* FROM "users" WHERE "users"."id" = ? LIMIT ?[0m  [["id", 2], ["LIMIT", 1]]
  Rendering users/show.html.erb within layouts/application
  [1m[35m (0.5ms)[0m  [1m[34mSELECT COUNT(*) FROM "users" INNER JOIN "relationships" ON "users"."id" = "relationships"."followed_id" WHERE "relationships"."follower_id" = ?[0m  [["follower_id", 2]]
  [1m[35m (0.4ms)[0m  [1m[34mSELECT COUNT(*) FROM "users" INNER JOIN "relationships" ON "users"."id" = "relationships"."follower_id" WHERE "relationships"."followed_id" = ?[0m  [["followed_id", 2]]
  Rendered shared/_stats.html.erb (7.4ms)
  [1m[36mUser Load (0.4ms)[0m  [1m[34mSELECT  "users".* FROM "users" WHERE "users"."id" = ? LIMIT ?[0m  [["id", 2], ["LIMIT", 1]]
  Rendered users/_follow_form.html.erb (1.8ms)
  [1m[36mMicropost Exists (0.5ms)[0m  [1m[34mSELECT  1 AS one FROM "microposts" WHERE "microposts"."user_id" = ? LIMIT ?[0m  [["user_id", 2], ["LIMIT", 1]]
  Rendered users/show.html.erb within layouts/application (23.3ms)
  Rendered layouts/_shim.html.erb (0.7ms)
  Rendered layouts/_header.html.erb (1.7ms)
  Rendered layouts/_footer.html.erb (1.0ms)
Completed 200 OK in 201ms (Views: 190.3ms | ActiveRecord: 2.0ms)


Started GET "/" for 127.0.0.1 at 2018-02-01 23:33:01 +0900
  [1m[35m (0.7ms)[0m  [1m[34mSELECT "schema_migrations"."version" FROM "schema_migrations" ORDER BY "schema_migrations"."version" ASC[0m
Processing by StaticPagesController#home as HTML
  [1m[36mUser Load (0.9ms)[0m  [1m[34mSELECT  "users".* FROM "users" WHERE "users"."id" = ? LIMIT ?[0m  [["id", 2], ["LIMIT", 1]]
  Rendering static_pages/home.html.erb within layouts/application
  [1m[35m (0.7ms)[0m  [1m[34mSELECT COUNT(*) FROM "microposts" WHERE "microposts"."user_id" = ?[0m  [["user_id", 2]]
  Rendered shared/_user_info.html.erb (5.8ms)
  [1m[35m (0.8ms)[0m  [1m[34mSELECT COUNT(*) FROM "users" INNER JOIN "relationships" ON "users"."id" = "relationships"."followed_id" WHERE "relationships"."follower_id" = ?[0m  [["follower_id", 2]]
  [1m[35m (1.7ms)[0m  [1m[34mSELECT COUNT(*) FROM "users" INNER JOIN "relationships" ON "users"."id" = "relationships"."follower_id" WHERE "relationships"."followed_id" = ?[0m  [["followed_id", 2]]
  Rendered shared/_stats.html.erb (75.0ms)
  Rendered shared/_error_messages.html.erb (1.3ms)
  Rendered shared/_micropost_form.html.erb (50.1ms)
  [1m[35m (0.4ms)[0m  [1m[34mSELECT COUNT(*) FROM "microposts" WHERE (user_id IN (SELECT followed_id FROM relationships
                     WHERE follower_id = 2) OR user_id = 2)[0m
  Rendered shared/_feed.html.erb (8.7ms)
  Rendered static_pages/home.html.erb within layouts/application (167.1ms)
  Rendered layouts/_shim.html.erb (0.8ms)
  Rendered layouts/_header.html.erb (2.5ms)
  Rendered layouts/_footer.html.erb (1.4ms)
Completed 200 OK in 1500ms (Views: 1349.1ms | ActiveRecord: 7.2ms)


Started POST "/microposts" for 127.0.0.1 at 2018-02-01 23:33:24 +0900
Processing by MicropostsController#create as HTML
  Parameters: {"utf8"=>"✓", "authenticity_token"=>"yToF11KNB1b1U5IfOlGd9asttjm+0QH9+MO1vDElNz3Apqi+AECDqIQK8VGKMm4UEiMd2UJHJIgpkeDVI6oumg==", "micropost"=>{"content"=>"post1"}, "commit"=>"Post"}
  [1m[36mUser Load (0.6ms)[0m  [1m[34mSELECT  "users".* FROM "users" WHERE "users"."id" = ? LIMIT ?[0m  [["id", 2], ["LIMIT", 1]]
  [1m[35m (0.1ms)[0m  [1m[36mbegin transaction[0m
  [1m[35mSQL (1.9ms)[0m  [1m[32mINSERT INTO "microposts" ("content", "user_id", "created_at", "updated_at") VALUES (?, ?, ?, ?)[0m  [["content", "post1"], ["user_id", 2], ["created_at", "2018-02-01 14:33:24.383452"], ["updated_at", "2018-02-01 14:33:24.383452"]]
  [1m[35m (2.4ms)[0m  [1m[36mcommit transaction[0m
Redirected to http://localhost:3000/
Completed 302 Found in 22ms (ActiveRecord: 4.9ms)


Started GET "/" for 127.0.0.1 at 2018-02-01 23:33:24 +0900
Processing by StaticPagesController#home as HTML
  [1m[36mUser Load (0.3ms)[0m  [1m[34mSELECT  "users".* FROM "users" WHERE "users"."id" = ? LIMIT ?[0m  [["id", 2], ["LIMIT", 1]]
  Rendering static_pages/home.html.erb within layouts/application
  [1m[35m (0.5ms)[0m  [1m[34mSELECT COUNT(*) FROM "microposts" WHERE "microposts"."user_id" = ?[0m  [["user_id", 2]]
  Rendered shared/_user_info.html.erb (8.4ms)
  [1m[35m (0.4ms)[0m  [1m[34mSELECT COUNT(*) FROM "users" INNER JOIN "relationships" ON "users"."id" = "relationships"."followed_id" WHERE "relationships"."follower_id" = ?[0m  [["follower_id", 2]]
  [1m[35m (0.3ms)[0m  [1m[34mSELECT COUNT(*) FROM "users" INNER JOIN "relationships" ON "users"."id" = "relationships"."follower_id" WHERE "relationships"."followed_id" = ?[0m  [["followed_id", 2]]
  Rendered shared/_stats.html.erb (9.4ms)
  Rendered shared/_error_messages.html.erb (1.1ms)
  Rendered shared/_micropost_form.html.erb (9.0ms)
  [1m[35m (0.4ms)[0m  [1m[34mSELECT COUNT(*) FROM "microposts" WHERE (user_id IN (SELECT followed_id FROM relationships
                     WHERE follower_id = 2) OR user_id = 2)[0m
  [1m[36mMicropost Load (0.7ms)[0m  [1m[34mSELECT  "microposts".* FROM "microposts" WHERE (user_id IN (SELECT followed_id FROM relationships
                     WHERE follower_id = 2) OR user_id = 2) ORDER BY "microposts"."created_at" DESC LIMIT ? OFFSET ?[0m  [["LIMIT", 30], ["OFFSET", 0]]
  [1m[36mCACHE User Load (0.1ms)[0m  [1m[34mSELECT  "users".* FROM "users" WHERE "users"."id" = ? LIMIT ?[0m  [["id", 2], ["LIMIT", 1]]
  Rendered collection of microposts/_micropost.html.erb [1 times] (1170.9ms)
  Rendered shared/_feed.html.erb (1194.6ms)
  Rendered static_pages/home.html.erb within layouts/application (1248.0ms)
  Rendered layouts/_shim.html.erb (0.8ms)
  Rendered layouts/_header.html.erb (2.8ms)
  Rendered layouts/_footer.html.erb (1.8ms)
Completed 200 OK in 1618ms (Views: 1598.4ms | ActiveRecord: 2.7ms)


Started POST "/microposts" for 127.0.0.1 at 2018-02-01 23:38:02 +0900
Processing by MicropostsController#create as HTML
  Parameters: {"utf8"=>"✓", "authenticity_token"=>"lz3crFmI90MbK1D48LJol+j9IR0sYGF04qMFOSxXNIW/a2PlQBLHPs6VPVYDdR8xk5kUapaMoq4goA/v7nHAYw==", "micropost"=>{"content"=>"post2", "picture"=>#<ActionDispatch::Http::UploadedFile:0x00007ffb8bf4fef0 @tempfile=#<Tempfile:/var/folders/zp/8h0_r1qs6n50jctdy8mvhqp80000gn/T/RackMultipart20180201-3680-l20z3i.jpg>, @original_filename="28725895306_76a838cb7d_q.jpg", @content_type="image/jpeg", @headers="Content-Disposition: form-data; name=\"micropost[picture]\"; filename=\"28725895306_76a838cb7d_q.jpg\"\r\nContent-Type: image/jpeg\r\n">}, "commit"=>"Post"}
  [1m[36mUser Load (0.3ms)[0m  [1m[34mSELECT  "users".* FROM "users" WHERE "users"."id" = ? LIMIT ?[0m  [["id", 2], ["LIMIT", 1]]
  [1m[35m (0.2ms)[0m  [1m[36mbegin transaction[0m
  [1m[35mSQL (1.4ms)[0m  [1m[32mINSERT INTO "microposts" ("content", "user_id", "created_at", "updated_at", "picture") VALUES (?, ?, ?, ?, ?)[0m  [["content", "post2"], ["user_id", 2], ["created_at", "2018-02-01 14:38:02.419522"], ["updated_at", "2018-02-01 14:38:02.419522"], ["picture", "28725895306_76a838cb7d_q.jpg"]]
  [1m[35m (1.5ms)[0m  [1m[36mcommit transaction[0m
Redirected to http://localhost:3000/
Completed 302 Found in 267ms (ActiveRecord: 3.3ms)


Started GET "/" for 127.0.0.1 at 2018-02-01 23:38:02 +0900
Processing by StaticPagesController#home as HTML
  [1m[36mUser Load (0.4ms)[0m  [1m[34mSELECT  "users".* FROM "users" WHERE "users"."id" = ? LIMIT ?[0m  [["id", 2], ["LIMIT", 1]]
  Rendering static_pages/home.html.erb within layouts/application
  [1m[35m (0.3ms)[0m  [1m[34mSELECT COUNT(*) FROM "microposts" WHERE "microposts"."user_id" = ?[0m  [["user_id", 2]]
  Rendered shared/_user_info.html.erb (4.5ms)
  [1m[35m (1.3ms)[0m  [1m[34mSELECT COUNT(*) FROM "users" INNER JOIN "relationships" ON "users"."id" = "relationships"."followed_id" WHERE "relationships"."follower_id" = ?[0m  [["follower_id", 2]]
  [1m[35m (0.7ms)[0m  [1m[34mSELECT COUNT(*) FROM "users" INNER JOIN "relationships" ON "users"."id" = "relationships"."follower_id" WHERE "relationships"."followed_id" = ?[0m  [["followed_id", 2]]
  Rendered shared/_stats.html.erb (11.1ms)
  Rendered shared/_error_messages.html.erb (4.3ms)
  Rendered shared/_micropost_form.html.erb (16.5ms)
  [1m[35m (0.5ms)[0m  [1m[34mSELECT COUNT(*) FROM "microposts" WHERE (user_id IN (SELECT followed_id FROM relationships
                     WHERE follower_id = 2) OR user_id = 2)[0m
  [1m[36mMicropost Load (0.7ms)[0m  [1m[34mSELECT  "microposts".* FROM "microposts" WHERE (user_id IN (SELECT followed_id FROM relationships
                     WHERE follower_id = 2) OR user_id = 2) ORDER BY "microposts"."created_at" DESC LIMIT ? OFFSET ?[0m  [["LIMIT", 30], ["OFFSET", 0]]
  [1m[36mCACHE User Load (0.1ms)[0m  [1m[34mSELECT  "users".* FROM "users" WHERE "users"."id" = ? LIMIT ?[0m  [["id", 2], ["LIMIT", 1]]
  [1m[36mCACHE User Load (0.0ms)[0m  [1m[34mSELECT  "users".* FROM "users" WHERE "users"."id" = ? LIMIT ?[0m  [["id", 2], ["LIMIT", 1]]
  Rendered collection of microposts/_micropost.html.erb [2 times] (19.1ms)
  Rendered shared/_feed.html.erb (50.3ms)
  Rendered static_pages/home.html.erb within layouts/application (112.3ms)
  Rendered layouts/_shim.html.erb (1.0ms)
  Rendered layouts/_header.html.erb (2.7ms)
  Rendered layouts/_footer.html.erb (1.2ms)
Completed 200 OK in 271ms (Views: 253.1ms | ActiveRecord: 4.0ms)


Started POST "/microposts" for 127.0.0.1 at 2018-02-01 23:38:43 +0900
  [1m[35m (0.9ms)[0m  [1m[34mSELECT "schema_migrations"."version" FROM "schema_migrations" ORDER BY "schema_migrations"."version" ASC[0m
Processing by MicropostsController#create as HTML
  Parameters: {"utf8"=>"✓", "authenticity_token"=>"qx0SQd1pFDLGPOcB/1jhDpiTdqtE4D28OQY9C4Y6Mw+DS60IxPMkTxOCiq8Mn5ao4/dD3P4M/mb7BTfdRBzH6Q==", "micropost"=>{"content"=>"post3\r\n3\r\n3\r\n3\r\n3\r\n3\r\n3\r\n3\r\n3\r\n3\r\n3\r\n3\r\n3\r\n"}, "commit"=>"Post"}
  [1m[36mUser Load (0.8ms)[0m  [1m[34mSELECT  "users".* FROM "users" WHERE "users"."id" = ? LIMIT ?[0m  [["id", 2], ["LIMIT", 1]]
  [1m[35m (0.2ms)[0m  [1m[36mbegin transaction[0m
  [1m[35mSQL (2.4ms)[0m  [1m[32mINSERT INTO "microposts" ("content", "user_id", "created_at", "updated_at") VALUES (?, ?, ?, ?)[0m  [["content", "post3\r\n3\r\n3\r\n3\r\n3\r\n3\r\n3\r\n3\r\n3\r\n3\r\n3\r\n3\r\n3\r\n"], ["user_id", 2], ["created_at", "2018-02-01 14:38:43.709864"], ["updated_at", "2018-02-01 14:38:43.709864"]]
  [1m[35m (1.6ms)[0m  [1m[36mcommit transaction[0m
Redirected to http://localhost:3000/
Completed 302 Found in 183ms (ActiveRecord: 7.4ms)


Started GET "/" for 127.0.0.1 at 2018-02-01 23:38:43 +0900
Processing by StaticPagesController#home as HTML
  [1m[36mUser Load (0.7ms)[0m  [1m[34mSELECT  "users".* FROM "users" WHERE "users"."id" = ? LIMIT ?[0m  [["id", 2], ["LIMIT", 1]]
  Rendering static_pages/home.html.erb within layouts/application
  [1m[35m (0.4ms)[0m  [1m[34mSELECT COUNT(*) FROM "microposts" WHERE "microposts"."user_id" = ?[0m  [["user_id", 2]]
  Rendered shared/_user_info.html.erb (7.8ms)
  [1m[35m (0.9ms)[0m  [1m[34mSELECT COUNT(*) FROM "users" INNER JOIN "relationships" ON "users"."id" = "relationships"."followed_id" WHERE "relationships"."follower_id" = ?[0m  [["follower_id", 2]]
  [1m[35m (0.7ms)[0m  [1m[34mSELECT COUNT(*) FROM "users" INNER JOIN "relationships" ON "users"."id" = "relationships"."follower_id" WHERE "relationships"."followed_id" = ?[0m  [["followed_id", 2]]
  Rendered shared/_stats.html.erb (49.3ms)
  Rendered shared/_error_messages.html.erb (0.8ms)
  Rendered shared/_micropost_form.html.erb (21.8ms)
  [1m[35m (0.6ms)[0m  [1m[34mSELECT COUNT(*) FROM "microposts" WHERE (user_id IN (SELECT followed_id FROM relationships
                     WHERE follower_id = 2) OR user_id = 2)[0m
  [1m[36mMicropost Load (0.6ms)[0m  [1m[34mSELECT  "microposts".* FROM "microposts" WHERE (user_id IN (SELECT followed_id FROM relationships
                     WHERE follower_id = 2) OR user_id = 2) ORDER BY "microposts"."created_at" DESC LIMIT ? OFFSET ?[0m  [["LIMIT", 30], ["OFFSET", 0]]
  [1m[36mCACHE User Load (0.0ms)[0m  [1m[34mSELECT  "users".* FROM "users" WHERE "users"."id" = ? LIMIT ?[0m  [["id", 2], ["LIMIT", 1]]
  [1m[36mCACHE User Load (0.1ms)[0m  [1m[34mSELECT  "users".* FROM "users" WHERE "users"."id" = ? LIMIT ?[0m  [["id", 2], ["LIMIT", 1]]
  [1m[36mCACHE User Load (0.0ms)[0m  [1m[34mSELECT  "users".* FROM "users" WHERE "users"."id" = ? LIMIT ?[0m  [["id", 2], ["LIMIT", 1]]
  Rendered collection of microposts/_micropost.html.erb [3 times] (825.7ms)
  Rendered shared/_feed.html.erb (835.4ms)
  Rendered static_pages/home.html.erb within layouts/application (960.6ms)
  Rendered layouts/_shim.html.erb (0.9ms)
  Rendered layouts/_header.html.erb (2.4ms)
  Rendered layouts/_footer.html.erb (1.2ms)
Completed 200 OK in 1740ms (Views: 1709.4ms | ActiveRecord: 3.9ms)


Started GET "/" for 127.0.0.1 at 2018-02-01 23:49:11 +0900
  [1m[35m (0.8ms)[0m  [1m[34mSELECT "schema_migrations"."version" FROM "schema_migrations" ORDER BY "schema_migrations"."version" ASC[0m
Processing by StaticPagesController#home as HTML
  [1m[36mUser Load (0.9ms)[0m  [1m[34mSELECT  "users".* FROM "users" WHERE "users"."id" = ? LIMIT ?[0m  [["id", 2], ["LIMIT", 1]]
  Rendering static_pages/home.html.erb within layouts/application
  [1m[35m (0.4ms)[0m  [1m[34mSELECT COUNT(*) FROM "microposts" WHERE "microposts"."user_id" = ?[0m  [["user_id", 2]]
  Rendered shared/_user_info.html.erb (5.7ms)
  [1m[35m (0.7ms)[0m  [1m[34mSELECT COUNT(*) FROM "users" INNER JOIN "relationships" ON "users"."id" = "relationships"."followed_id" WHERE "relationships"."follower_id" = ?[0m  [["follower_id", 2]]
  [1m[35m (0.8ms)[0m  [1m[34mSELECT COUNT(*) FROM "users" INNER JOIN "relationships" ON "users"."id" = "relationships"."follower_id" WHERE "relationships"."followed_id" = ?[0m  [["followed_id", 2]]
  Rendered shared/_stats.html.erb (42.8ms)
  Rendered shared/_error_messages.html.erb (0.8ms)
  Rendered shared/_micropost_form.html.erb (21.9ms)
  [1m[35m (0.6ms)[0m  [1m[34mSELECT COUNT(*) FROM "microposts" WHERE (user_id IN (SELECT followed_id FROM relationships
                     WHERE follower_id = 2) OR user_id = 2)[0m
  [1m[36mMicropost Load (0.9ms)[0m  [1m[34mSELECT  "microposts".* FROM "microposts" WHERE (user_id IN (SELECT followed_id FROM relationships
                     WHERE follower_id = 2) OR user_id = 2) ORDER BY "microposts"."created_at" DESC LIMIT ? OFFSET ?[0m  [["LIMIT", 30], ["OFFSET", 0]]
  [1m[36mCACHE User Load (0.0ms)[0m  [1m[34mSELECT  "users".* FROM "users" WHERE "users"."id" = ? LIMIT ?[0m  [["id", 2], ["LIMIT", 1]]
  [1m[36mCACHE User Load (0.0ms)[0m  [1m[34mSELECT  "users".* FROM "users" WHERE "users"."id" = ? LIMIT ?[0m  [["id", 2], ["LIMIT", 1]]
  [1m[36mCACHE User Load (0.0ms)[0m  [1m[34mSELECT  "users".* FROM "users" WHERE "users"."id" = ? LIMIT ?[0m  [["id", 2], ["LIMIT", 1]]
  Rendered collection of microposts/_micropost.html.erb [3 times] (866.4ms)
  Rendered shared/_feed.html.erb (880.3ms)
  Rendered static_pages/home.html.erb within layouts/application (976.3ms)
  Rendered layouts/_shim.html.erb (0.8ms)
  Rendered layouts/_header.html.erb (2.6ms)
  Rendered layouts/_footer.html.erb (1.2ms)
Completed 200 OK in 1750ms (Views: 1563.8ms | ActiveRecord: 7.1ms)


Started GET "/" for 127.0.0.1 at 2018-02-02 00:18:18 +0900
Processing by StaticPagesController#home as HTML
  [1m[36mUser Load (3.3ms)[0m  [1m[34mSELECT  "users".* FROM "users" WHERE "users"."id" = ? LIMIT ?[0m  [["id", 2], ["LIMIT", 1]]
  Rendering static_pages/home.html.erb within layouts/application
  [1m[35m (0.8ms)[0m  [1m[34mSELECT COUNT(*) FROM "microposts" WHERE "microposts"."user_id" = ?[0m  [["user_id", 2]]
  Rendered shared/_user_info.html.erb (22.6ms)
  [1m[35m (0.9ms)[0m  [1m[34mSELECT COUNT(*) FROM "users" INNER JOIN "relationships" ON "users"."id" = "relationships"."followed_id" WHERE "relationships"."follower_id" = ?[0m  [["follower_id", 2]]
  [1m[35m (1.3ms)[0m  [1m[34mSELECT COUNT(*) FROM "users" INNER JOIN "relationships" ON "users"."id" = "relationships"."follower_id" WHERE "relationships"."followed_id" = ?[0m  [["followed_id", 2]]
  Rendered shared/_stats.html.erb (32.5ms)
  Rendered shared/_error_messages.html.erb (3.7ms)
  Rendered shared/_micropost_form.html.erb (24.8ms)
  [1m[35m (0.6ms)[0m  [1m[34mSELECT COUNT(*) FROM "microposts" WHERE (user_id IN (SELECT followed_id FROM relationships
                     WHERE follower_id = 2) OR user_id = 2)[0m
  [1m[36mMicropost Load (0.7ms)[0m  [1m[34mSELECT  "microposts".* FROM "microposts" WHERE (user_id IN (SELECT followed_id FROM relationships
                     WHERE follower_id = 2) OR user_id = 2) ORDER BY "microposts"."created_at" DESC LIMIT ? OFFSET ?[0m  [["LIMIT", 30], ["OFFSET", 0]]
  [1m[36mCACHE User Load (0.3ms)[0m  [1m[34mSELECT  "users".* FROM "users" WHERE "users"."id" = ? LIMIT ?[0m  [["id", 2], ["LIMIT", 1]]
  [1m[36mCACHE User Load (0.0ms)[0m  [1m[34mSELECT  "users".* FROM "users" WHERE "users"."id" = ? LIMIT ?[0m  [["id", 2], ["LIMIT", 1]]
  [1m[36mCACHE User Load (0.1ms)[0m  [1m[34mSELECT  "users".* FROM "users" WHERE "users"."id" = ? LIMIT ?[0m  [["id", 2], ["LIMIT", 1]]
  Rendered collection of microposts/_micropost.html.erb [3 times] (84.3ms)
  Rendered shared/_feed.html.erb (99.6ms)
  Rendered static_pages/home.html.erb within layouts/application (218.1ms)
  Rendered layouts/_shim.html.erb (4.4ms)
  Rendered layouts/_header.html.erb (8.7ms)
  Rendered layouts/_footer.html.erb (4.4ms)
Completed 200 OK in 874ms (Views: 705.7ms | ActiveRecord: 8.0ms)


Started GET "/users/2/edit" for 127.0.0.1 at 2018-02-02 00:18:23 +0900
Processing by UsersController#edit as HTML
  Parameters: {"id"=>"2"}
  [1m[36mUser Load (0.4ms)[0m  [1m[34mSELECT  "users".* FROM "users" WHERE "users"."id" = ? LIMIT ?[0m  [["id", 2], ["LIMIT", 1]]
  [1m[36mUser Load (0.3ms)[0m  [1m[34mSELECT  "users".* FROM "users" WHERE "users"."id" = ? LIMIT ?[0m  [["id", 2], ["LIMIT", 1]]
  [1m[36mCACHE User Load (0.0ms)[0m  [1m[34mSELECT  "users".* FROM "users" WHERE "users"."id" = ? LIMIT ?[0m  [["id", 2], ["LIMIT", 1]]
  Rendering users/edit.html.erb within layouts/application
  Rendered shared/_error_messages.html.erb (1.0ms)
  Rendered users/edit.html.erb within layouts/application (22.5ms)
  Rendered layouts/_shim.html.erb (0.7ms)
  Rendered layouts/_header.html.erb (2.6ms)
  Rendered layouts/_footer.html.erb (1.0ms)
Completed 200 OK in 158ms (Views: 148.0ms | ActiveRecord: 0.7ms)


Started DELETE "/logout" for 127.0.0.1 at 2018-02-02 00:18:31 +0900
Processing by SessionsController#destroy as HTML
  Parameters: {"authenticity_token"=>"wdL0ndTf0nnTATHlzptZtqT7uOQodHrb3ao0UZrFievphEvUzUXiBAa/XEs9XC4Q35+Nk5KYuQEfqT6HWON9DQ=="}
  [1m[36mUser Load (0.4ms)[0m  [1m[34mSELECT  "users".* FROM "users" WHERE "users"."id" = ? LIMIT ?[0m  [["id", 2], ["LIMIT", 1]]
  [1m[35m (0.1ms)[0m  [1m[36mbegin transaction[0m
  [1m[35mSQL (0.8ms)[0m  [1m[33mUPDATE "users" SET "remember_digest" = ?, "updated_at" = ? WHERE "users"."id" = ?[0m  [["remember_digest", nil], ["updated_at", "2018-02-01 15:18:31.789574"], ["id", 2]]
  [1m[35m (1.2ms)[0m  [1m[36mcommit transaction[0m
Redirected to http://localhost:3000/
Completed 302 Found in 16ms (ActiveRecord: 2.6ms)


Started GET "/" for 127.0.0.1 at 2018-02-02 00:18:31 +0900
Processing by StaticPagesController#home as HTML
  Rendering static_pages/home.html.erb within layouts/application
  Rendered static_pages/home.html.erb within layouts/application (6.3ms)
  Rendered layouts/_shim.html.erb (0.7ms)
  Rendered layouts/_header.html.erb (2.0ms)
  Rendered layouts/_footer.html.erb (1.1ms)
Completed 200 OK in 166ms (Views: 141.5ms | ActiveRecord: 0.0ms)


Started GET "/signup" for 127.0.0.1 at 2018-02-02 00:18:33 +0900
Processing by UsersController#new as HTML
  Rendering users/new.html.erb within layouts/application
  Rendered shared/_error_messages.html.erb (0.9ms)
  Rendered users/new.html.erb within layouts/application (9.3ms)
  Rendered layouts/_shim.html.erb (0.8ms)
  Rendered layouts/_header.html.erb (1.4ms)
  Rendered layouts/_footer.html.erb (0.7ms)
Completed 200 OK in 137ms (Views: 127.4ms | ActiveRecord: 0.0ms)


Started GET "/" for 127.0.0.1 at 2018-02-02 00:18:35 +0900
Processing by StaticPagesController#home as HTML
  Rendering static_pages/home.html.erb within layouts/application
  Rendered static_pages/home.html.erb within layouts/application (4.1ms)
  Rendered layouts/_shim.html.erb (0.6ms)
  Rendered layouts/_header.html.erb (1.4ms)
  Rendered layouts/_footer.html.erb (0.7ms)
Completed 200 OK in 117ms (Views: 106.3ms | ActiveRecord: 0.0ms)


Started GET "/login" for 127.0.0.1 at 2018-02-02 00:18:36 +0900
Processing by SessionsController#new as HTML
  Rendering sessions/new.html.erb within layouts/application
  Rendered sessions/new.html.erb within layouts/application (7.8ms)
  Rendered layouts/_shim.html.erb (0.7ms)
  Rendered layouts/_header.html.erb (1.9ms)
  Rendered layouts/_footer.html.erb (1.1ms)
Completed 200 OK in 155ms (Views: 151.0ms | ActiveRecord: 0.0ms)


Started POST "/login" for 127.0.0.1 at 2018-02-02 00:19:09 +0900
Processing by SessionsController#create as HTML
  Parameters: {"utf8"=>"✓", "authenticity_token"=>"pkQq4aOcuU+0W28WX14vNdCx1nltrMu7W3hAOullltI2nbDico43SM9TwrkTGc4ycmxTQGZxZKXiwXlei+2QKw==", "session"=>{"email"=>"kano.atsushi.13@gmail.com", "password"=>"[FILTERED]", "remember_me"=>"1"}, "commit"=>"Log in"}
  [1m[36mUser Load (1.8ms)[0m  [1m[34mSELECT  "users".* FROM "users" WHERE "users"."email" = ? LIMIT ?[0m  [["email", "kano.atsushi.13@gmail.com"], ["LIMIT", 1]]
  [1m[35m (0.1ms)[0m  [1m[36mbegin transaction[0m
  [1m[35mSQL (1.1ms)[0m  [1m[33mUPDATE "users" SET "remember_digest" = ?, "updated_at" = ? WHERE "users"."id" = ?[0m  [["remember_digest", "$2a$10$1dgSTFHnNUUyslTDy6xuKO5N5APdyFA.PzqVZPwg7onMub9qjCCCy"], ["updated_at", "2018-02-01 15:19:09.882727"], ["id", 2]]
  [1m[35m (1.9ms)[0m  [1m[36mcommit transaction[0m
Redirected to http://localhost:3000/users/2
Completed 302 Found in 287ms (ActiveRecord: 7.1ms)


Started GET "/users/2" for 127.0.0.1 at 2018-02-02 00:19:09 +0900
Processing by UsersController#show as HTML
  Parameters: {"id"=>"2"}
  [1m[36mUser Load (0.6ms)[0m  [1m[34mSELECT  "users".* FROM "users" WHERE "users"."id" = ? LIMIT ?[0m  [["id", 2], ["LIMIT", 1]]
  Rendering users/show.html.erb within layouts/application
  [1m[35m (1.9ms)[0m  [1m[34mSELECT COUNT(*) FROM "users" INNER JOIN "relationships" ON "users"."id" = "relationships"."followed_id" WHERE "relationships"."follower_id" = ?[0m  [["follower_id", 2]]
  [1m[35m (0.8ms)[0m  [1m[34mSELECT COUNT(*) FROM "users" INNER JOIN "relationships" ON "users"."id" = "relationships"."follower_id" WHERE "relationships"."followed_id" = ?[0m  [["followed_id", 2]]
  Rendered shared/_stats.html.erb (39.7ms)
  [1m[36mUser Load (0.4ms)[0m  [1m[34mSELECT  "users".* FROM "users" WHERE "users"."id" = ? LIMIT ?[0m  [["id", 2], ["LIMIT", 1]]
  Rendered users/_follow_form.html.erb (0.9ms)
  [1m[36mMicropost Exists (0.4ms)[0m  [1m[34mSELECT  1 AS one FROM "microposts" WHERE "microposts"."user_id" = ? LIMIT ?[0m  [["user_id", 2], ["LIMIT", 1]]
  [1m[35m (0.5ms)[0m  [1m[34mSELECT COUNT(*) FROM "microposts" WHERE "microposts"."user_id" = ?[0m  [["user_id", 2]]
  [1m[36mMicropost Load (1.5ms)[0m  [1m[34mSELECT  "microposts".* FROM "microposts" WHERE "microposts"."user_id" = ? ORDER BY "microposts"."created_at" DESC LIMIT ? OFFSET ?[0m  [["user_id", 2], ["LIMIT", 30], ["OFFSET", 0]]
  Rendered collection of microposts/_micropost.html.erb [3 times] (833.3ms)
  Rendered users/show.html.erb within layouts/application (951.4ms)
  Rendered layouts/_shim.html.erb (0.8ms)
  Rendered layouts/_header.html.erb (2.6ms)
  Rendered layouts/_footer.html.erb (1.4ms)
Completed 200 OK in 1308ms (Views: 1240.9ms | ActiveRecord: 7.5ms)


Started GET "/" for 127.0.0.1 at 2018-02-06 23:14:00 +0900
  [1m[35m (0.6ms)[0m  [1m[34mSELECT "schema_migrations"."version" FROM "schema_migrations" ORDER BY "schema_migrations"."version" ASC[0m
Processing by StaticPagesController#home as HTML
  [1m[36mUser Load (0.7ms)[0m  [1m[34mSELECT  "users".* FROM "users" WHERE "users"."id" = ? LIMIT ?[0m  [["id", 2], ["LIMIT", 1]]
  Rendering static_pages/home.html.erb within layouts/application
  [1m[35m (0.6ms)[0m  [1m[34mSELECT COUNT(*) FROM "microposts" WHERE "microposts"."user_id" = ?[0m  [["user_id", 2]]
  Rendered shared/_user_info.html.erb (7.1ms)
  [1m[35m (0.8ms)[0m  [1m[34mSELECT COUNT(*) FROM "users" INNER JOIN "relationships" ON "users"."id" = "relationships"."followed_id" WHERE "relationships"."follower_id" = ?[0m  [["follower_id", 2]]
  [1m[35m (0.7ms)[0m  [1m[34mSELECT COUNT(*) FROM "users" INNER JOIN "relationships" ON "users"."id" = "relationships"."follower_id" WHERE "relationships"."followed_id" = ?[0m  [["followed_id", 2]]
  Rendered shared/_stats.html.erb (62.7ms)
  Rendered shared/_error_messages.html.erb (1.8ms)
  Rendered shared/_micropost_form.html.erb (32.6ms)
  [1m[35m (0.5ms)[0m  [1m[34mSELECT COUNT(*) FROM "microposts" WHERE (user_id IN (SELECT followed_id FROM relationships
                     WHERE follower_id = 2) OR user_id = 2)[0m
  [1m[36mMicropost Load (2.5ms)[0m  [1m[34mSELECT  "microposts".* FROM "microposts" WHERE (user_id IN (SELECT followed_id FROM relationships
                     WHERE follower_id = 2) OR user_id = 2) ORDER BY "microposts"."created_at" DESC LIMIT ? OFFSET ?[0m  [["LIMIT", 30], ["OFFSET", 0]]
  [1m[36mCACHE User Load (0.0ms)[0m  [1m[34mSELECT  "users".* FROM "users" WHERE "users"."id" = ? LIMIT ?[0m  [["id", 2], ["LIMIT", 1]]
  [1m[36mCACHE User Load (0.0ms)[0m  [1m[34mSELECT  "users".* FROM "users" WHERE "users"."id" = ? LIMIT ?[0m  [["id", 2], ["LIMIT", 1]]
  [1m[36mCACHE User Load (0.0ms)[0m  [1m[34mSELECT  "users".* FROM "users" WHERE "users"."id" = ? LIMIT ?[0m  [["id", 2], ["LIMIT", 1]]
  Rendered collection of microposts/_micropost.html.erb [3 times] (2180.9ms)
  Rendered shared/_feed.html.erb (2199.6ms)
  Rendered static_pages/home.html.erb within layouts/application (2328.5ms)
  Rendered layouts/_shim.html.erb (0.8ms)
  Rendered layouts/_header.html.erb (2.7ms)
  Rendered layouts/_footer.html.erb (1.1ms)
Completed 200 OK in 3586ms (Views: 3280.2ms | ActiveRecord: 8.1ms)


